<?xml version="1.0" ?>
<testsuites disabled="0" errors="0" failures="36" tests="783" time="0.0">
	<testsuite disabled="0" errors="0" failures="36" name="terraform scan" skipped="9" tests="783" time="0">
		<properties>
			<property name="directory" value="['/tf']"/>
			<property name="add_check" value="False"/>
			<property name="list" value="False"/>
			<property name="output" value="['junitxml']"/>
			<property name="output_file_path" value="results.xml"/>
			<property name="output_bc_ids" value="False"/>
			<property name="include_all_checkov_policies" value="True"/>
			<property name="quiet" value="False"/>
			<property name="compact" value="False"/>
			<property name="framework" value="['all']"/>
			<property name="skip_framework" value="[]"/>
			<property name="run_all_external_checks" value="False"/>
			<property name="soft_fail" value="False"/>
			<property name="skip_results_upload" value="False"/>
			<property name="repo_id" value="cli_repo/tf"/>
			<property name="branch" value="master"/>
			<property name="skip_download" value="False"/>
			<property name="use_enforcement_rules" value="False"/>
			<property name="external_modules_download_path" value=".external_modules"/>
			<property name="evaluate_variables" value="True"/>
			<property name="no_cert_verify" value="False"/>
			<property name="create_baseline" value="False"/>
			<property name="output_baseline_as_skipped" value="False"/>
			<property name="secrets_scan_file_type" value="[]"/>
			<property name="enable_secret_scan_all_files" value="False"/>
			<property name="block_list_secret_scan" value="[]"/>
			<property name="summary_position" value="top"/>
			<property name="skip_resources_without_violations" value="False"/>
			<property name="deep_analysis" value="False"/>
			<property name="no_fail_on_crash" value="False"/>
			<property name="mask" value="defaultdict(&lt;class 'set'&gt;, {})"/>
			<property name="scan_secrets_history" value="False"/>
			<property name="secrets_history_timeout" value="12h"/>
			<property name="custom_tool_name" value="Checkov"/>
		</properties>
		<testcase name="[NONE][CKV_AWS_93] Ensure S3 bucket policy does not lockout all but root user. (Prevent lockouts needing root account fixes)" classname="/bootstrap/main.tf.aws_s3_bucket.tfstate" file="/bootstrap/main.tf"/>
		<testcase name="[NONE][CKV_AWS_300] Ensure S3 lifecycle configuration sets period for aborting failed uploads" classname="/bootstrap/main.tf.aws_s3_bucket_lifecycle_configuration.tfstate" file="/bootstrap/main.tf"/>
		<testcase name="[NONE][CKV_AWS_55] Ensure S3 bucket has ignore public ACLs enabled" classname="/bootstrap/main.tf.aws_s3_bucket_public_access_block.tfstate" file="/bootstrap/main.tf"/>
		<testcase name="[NONE][CKV_AWS_56] Ensure S3 bucket has 'restrict_public_buckets' enabled" classname="/bootstrap/main.tf.aws_s3_bucket_public_access_block.tfstate" file="/bootstrap/main.tf"/>
		<testcase name="[NONE][CKV_AWS_53] Ensure S3 bucket has block public ACLS enabled" classname="/bootstrap/main.tf.aws_s3_bucket_public_access_block.tfstate" file="/bootstrap/main.tf"/>
		<testcase name="[NONE][CKV_AWS_54] Ensure S3 bucket has block public policy enabled" classname="/bootstrap/main.tf.aws_s3_bucket_public_access_block.tfstate" file="/bootstrap/main.tf"/>
		<testcase name="[NONE][CKV_AWS_41] Ensure no hard coded AWS access key and secret key exists in provider" classname="/bootstrap/main.tf.aws.default" file="/bootstrap/main.tf"/>
		<testcase name="[NONE][CKV_AWS_158] Ensure that CloudWatch Log Group is encrypted by KMS" classname="/modules/api-gateway/main.tf.module.api_gateway.aws_cloudwatch_log_group.api_access_logs" file="/modules/api-gateway/main.tf"/>
		<testcase name="[NONE][CKV_AWS_66] Ensure that CloudWatch Log Group specifies retention days" classname="/modules/api-gateway/main.tf.module.api_gateway.aws_cloudwatch_log_group.api_access_logs" file="/modules/api-gateway/main.tf"/>
		<testcase name="[NONE][CKV_AWS_309] Ensure API GatewayV2 routes specify an authorization type" classname="/modules/api-gateway/main.tf.module.api_gateway.aws_apigatewayv2_route.proxy" file="/modules/api-gateway/main.tf"/>
		<testcase name="[NONE][CKV_AWS_76] Ensure API Gateway has Access Logging enabled" classname="/modules/api-gateway/main.tf.module.api_gateway.aws_apigatewayv2_stage.default" file="/modules/api-gateway/main.tf"/>
		<testcase name="[NONE][CKV_AWS_109] Ensure IAM policies does not allow permissions management / resource exposure without constraints" classname="/modules/backup/main.tf.module.backup.aws_iam_policy_document.vault_policy" file="/modules/backup/main.tf"/>
		<testcase name="[NONE][CKV_AWS_49] Ensure no IAM policies documents allow &quot;*&quot; as a statement's actions" classname="/modules/backup/main.tf.module.backup.aws_iam_policy_document.vault_policy" file="/modules/backup/main.tf"/>
		<testcase name="[NONE][CKV_AWS_108] Ensure IAM policies does not allow data exfiltration" classname="/modules/backup/main.tf.module.backup.aws_iam_policy_document.vault_policy" file="/modules/backup/main.tf"/>
		<testcase name="[NONE][CKV_AWS_110] Ensure IAM policies does not allow privilege escalation" classname="/modules/backup/main.tf.module.backup.aws_iam_policy_document.vault_policy" file="/modules/backup/main.tf"/>
		<testcase name="[NONE][CKV_AWS_111] Ensure IAM policies does not allow write access without constraints" classname="/modules/backup/main.tf.module.backup.aws_iam_policy_document.vault_policy" file="/modules/backup/main.tf"/>
		<testcase name="[NONE][CKV_AWS_356] Ensure no IAM policies documents allow &quot;*&quot; as a statement's resource for restrictable actions" classname="/modules/backup/main.tf.module.backup.aws_iam_policy_document.vault_policy" file="/modules/backup/main.tf"/>
		<testcase name="[NONE][CKV_AWS_358] Ensure AWS GitHub Actions OIDC authorization policies only allow safe claims and claim order" classname="/modules/backup/main.tf.module.backup.aws_iam_policy_document.vault_policy" file="/modules/backup/main.tf"/>
		<testcase name="[NONE][CKV_AWS_283] Ensure no IAM policies documents allow ALL or any AWS principal permissions to the resource" classname="/modules/backup/main.tf.module.backup.aws_iam_policy_document.vault_policy" file="/modules/backup/main.tf"/>
		<testcase name="[NONE][CKV_AWS_107] Ensure IAM policies does not allow credentials exposure" classname="/modules/backup/main.tf.module.backup.aws_iam_policy_document.vault_policy" file="/modules/backup/main.tf"/>
		<testcase name="[NONE][CKV_AWS_1] Ensure IAM policies that allow full &quot;*-*&quot; administrative privileges are not created" classname="/modules/backup/main.tf.module.backup.aws_iam_policy_document.vault_policy" file="/modules/backup/main.tf"/>
		<testcase name="[NONE][CKV_AWS_166] Ensure Backup Vault is encrypted at rest using KMS CMK" classname="/modules/backup/main.tf.module.backup.aws_backup_vault.primary" file="/modules/backup/main.tf"/>
		<testcase name="[NONE][CKV_AWS_158] Ensure that CloudWatch Log Group is encrypted by KMS" classname="/modules/compute/main.tf.module.compute.aws_cloudwatch_log_group.ecs" file="/modules/compute/main.tf"/>
		<testcase name="[NONE][CKV_AWS_66] Ensure that CloudWatch Log Group specifies retention days" classname="/modules/compute/main.tf.module.compute.aws_cloudwatch_log_group.ecs" file="/modules/compute/main.tf"/>
		<testcase name="[NONE][CKV_AWS_65] Ensure container insights are enabled on ECS cluster" classname="/modules/compute/main.tf.module.compute.aws_ecs_cluster.main" file="/modules/compute/main.tf"/>
		<testcase name="[NONE][CKV_AWS_223] Ensure ECS Cluster enables logging of ECS Exec" classname="/modules/compute/main.tf.module.compute.aws_ecs_cluster.main" file="/modules/compute/main.tf"/>
		<testcase name="[NONE][CKV_AWS_91] Ensure the ELBv2 (Application/Network) has access logging enabled" classname="/modules/compute/main.tf.module.compute.aws_lb.main" file="/modules/compute/main.tf"/>
		<testcase name="[NONE][CKV_AWS_328] Ensure that ALB is configured with defensive or strictest desync mitigation mode" classname="/modules/compute/main.tf.module.compute.aws_lb.main" file="/modules/compute/main.tf"/>
		<testcase name="[NONE][CKV_AWS_261] Ensure HTTP HTTPS Target group defines Healthcheck" classname="/modules/compute/main.tf.module.compute.aws_lb_target_group.main" file="/modules/compute/main.tf"/>
		<testcase name="[NONE][CKV_AWS_249] Ensure that the Execution Role ARN and the Task Role ARN are different in ECS Task definitions" classname="/modules/compute/main.tf.module.compute.aws_ecs_task_definition.monolito" file="/modules/compute/main.tf"/>
		<testcase name="[NONE][CKV_AWS_97] Ensure Encryption in transit is enabled for EFS volumes in ECS Task definitions" classname="/modules/compute/main.tf.module.compute.aws_ecs_task_definition.monolito" file="/modules/compute/main.tf"/>
		<testcase name="[NONE][CKV_AWS_336] Ensure ECS containers are limited to read-only access to root filesystems" classname="/modules/compute/main.tf.module.compute.aws_ecs_task_definition.monolito" file="/modules/compute/main.tf"/>
		<testcase name="[NONE][CKV_AWS_332] Ensure ECS Fargate services run on the latest Fargate platform version" classname="/modules/compute/main.tf.module.compute.aws_ecs_service.monolito" file="/modules/compute/main.tf"/>
		<testcase name="[NONE][CKV_AWS_333] Ensure ECS services do not have public IP addresses assigned to them automatically" classname="/modules/compute/main.tf.module.compute.aws_ecs_service.monolito" file="/modules/compute/main.tf"/>
		<testcase name="[NONE][CKV_AWS_226] Ensure DB instance gets all minor upgrades automatically" classname="/modules/database/main.tf.module.database.aws_db_instance.main" file="/modules/database/main.tf"/>
		<testcase name="[NONE][CKV_AWS_211] Ensure RDS uses a modern CaCert" classname="/modules/database/main.tf.module.database.aws_db_instance.main" file="/modules/database/main.tf"/>
		<testcase name="[NONE][CKV_AWS_161] Ensure RDS database has IAM authentication enabled" classname="/modules/database/main.tf.module.database.aws_db_instance.main" file="/modules/database/main.tf"/>
		<testcase name="[NONE][CKV_AWS_118] Ensure that enhanced monitoring is enabled for Amazon RDS instances" classname="/modules/database/main.tf.module.database.aws_db_instance.main" file="/modules/database/main.tf"/>
		<testcase name="[NONE][CKV_AWS_129] Ensure that respective logs of Amazon Relational Database Service (Amazon RDS) are enabled" classname="/modules/database/main.tf.module.database.aws_db_instance.main" file="/modules/database/main.tf"/>
		<testcase name="[NONE][CKV_AWS_133] Ensure that RDS instances has backup policy" classname="/modules/database/main.tf.module.database.aws_db_instance.main" file="/modules/database/main.tf"/>
		<testcase name="[NONE][CKV_AWS_353] Ensure that RDS instances have performance insights enabled" classname="/modules/database/main.tf.module.database.aws_db_instance.main" file="/modules/database/main.tf"/>
		<testcase name="[NONE][CKV_AWS_354] Ensure RDS Performance Insights are encrypted using KMS CMKs" classname="/modules/database/main.tf.module.database.aws_db_instance.main" file="/modules/database/main.tf"/>
		<testcase name="[NONE][CKV_AWS_293] Ensure that AWS database instances have deletion protection enabled" classname="/modules/database/main.tf.module.database.aws_db_instance.main" file="/modules/database/main.tf"/>
		<testcase name="[NONE][CKV_AWS_388] Ensure AWS Aurora PostgreSQL is not exposed to local file read vulnerability" classname="/modules/database/main.tf.module.database.aws_db_instance.main" file="/modules/database/main.tf"/>
		<testcase name="[NONE][CKV_AWS_16] Ensure all data stored in the RDS is securely encrypted at rest" classname="/modules/database/main.tf.module.database.aws_db_instance.main" file="/modules/database/main.tf"/>
		<testcase name="[NONE][CKV_AWS_17] Ensure all data stored in RDS is not publicly accessible" classname="/modules/database/main.tf.module.database.aws_db_instance.main" file="/modules/database/main.tf"/>
		<testcase name="[NONE][CKV_AWS_61] Ensure AWS IAM policy does not allow assume role permission across all services" classname="/modules/database/main.tf.module.database.aws_iam_role.rds_monitoring" file="/modules/database/main.tf"/>
		<testcase name="[NONE][CKV_AWS_274] Disallow IAM roles, users, and groups from using the AWS AdministratorAccess policy" classname="/modules/database/main.tf.module.database.aws_iam_role.rds_monitoring" file="/modules/database/main.tf"/>
		<testcase name="[NONE][CKV_AWS_393] Ensure AWS GitHub Actions OIDC authorization policies only allow safe claims and claim order on IAM role" classname="/modules/database/main.tf.module.database.aws_iam_role.rds_monitoring" file="/modules/database/main.tf"/>
		<testcase name="[NONE][CKV_AWS_60] Ensure IAM role allows only specific services or principals to assume it" classname="/modules/database/main.tf.module.database.aws_iam_role.rds_monitoring" file="/modules/database/main.tf"/>
		<testcase name="[NONE][CKV_AWS_274] Disallow IAM roles, users, and groups from using the AWS AdministratorAccess policy" classname="/modules/database/main.tf.module.database.aws_iam_role_policy_attachment.rds_monitoring" file="/modules/database/main.tf"/>
		<testcase name="[NONE][CKV_AWS_109] Ensure IAM policies does not allow permissions management / resource exposure without constraints" classname="/modules/ecr/main.tf.module.ecr.aws_iam_policy_document.ecr_policy" file="/modules/ecr/main.tf"/>
		<testcase name="[NONE][CKV_AWS_49] Ensure no IAM policies documents allow &quot;*&quot; as a statement's actions" classname="/modules/ecr/main.tf.module.ecr.aws_iam_policy_document.ecr_policy" file="/modules/ecr/main.tf"/>
		<testcase name="[NONE][CKV_AWS_108] Ensure IAM policies does not allow data exfiltration" classname="/modules/ecr/main.tf.module.ecr.aws_iam_policy_document.ecr_policy" file="/modules/ecr/main.tf"/>
		<testcase name="[NONE][CKV_AWS_110] Ensure IAM policies does not allow privilege escalation" classname="/modules/ecr/main.tf.module.ecr.aws_iam_policy_document.ecr_policy" file="/modules/ecr/main.tf"/>
		<testcase name="[NONE][CKV_AWS_111] Ensure IAM policies does not allow write access without constraints" classname="/modules/ecr/main.tf.module.ecr.aws_iam_policy_document.ecr_policy" file="/modules/ecr/main.tf"/>
		<testcase name="[NONE][CKV_AWS_356] Ensure no IAM policies documents allow &quot;*&quot; as a statement's resource for restrictable actions" classname="/modules/ecr/main.tf.module.ecr.aws_iam_policy_document.ecr_policy" file="/modules/ecr/main.tf"/>
		<testcase name="[NONE][CKV_AWS_358] Ensure AWS GitHub Actions OIDC authorization policies only allow safe claims and claim order" classname="/modules/ecr/main.tf.module.ecr.aws_iam_policy_document.ecr_policy" file="/modules/ecr/main.tf"/>
		<testcase name="[NONE][CKV_AWS_283] Ensure no IAM policies documents allow ALL or any AWS principal permissions to the resource" classname="/modules/ecr/main.tf.module.ecr.aws_iam_policy_document.ecr_policy" file="/modules/ecr/main.tf"/>
		<testcase name="[NONE][CKV_AWS_107] Ensure IAM policies does not allow credentials exposure" classname="/modules/ecr/main.tf.module.ecr.aws_iam_policy_document.ecr_policy" file="/modules/ecr/main.tf"/>
		<testcase name="[NONE][CKV_AWS_1] Ensure IAM policies that allow full &quot;*-*&quot; administrative privileges are not created" classname="/modules/ecr/main.tf.module.ecr.aws_iam_policy_document.ecr_policy" file="/modules/ecr/main.tf"/>
		<testcase name="[NONE][CKV_AWS_136] Ensure that ECR repositories are encrypted using KMS" classname="/modules/ecr/main.tf.module.ecr.aws_ecr_repository.monolito" file="/modules/ecr/main.tf"/>
		<testcase name="[NONE][CKV_AWS_51] Ensure ECR Image Tags are immutable" classname="/modules/ecr/main.tf.module.ecr.aws_ecr_repository.monolito" file="/modules/ecr/main.tf"/>
		<testcase name="[NONE][CKV_AWS_163] Ensure ECR image scanning on push is enabled" classname="/modules/ecr/main.tf.module.ecr.aws_ecr_repository.monolito" file="/modules/ecr/main.tf"/>
		<testcase name="[NONE][CKV_AWS_109] Ensure IAM policies does not allow permissions management / resource exposure without constraints" classname="/modules/edge/main.tf.module.edge.aws_iam_policy_document.frontend_bucket_policy" file="/modules/edge/main.tf"/>
		<testcase name="[NONE][CKV_AWS_49] Ensure no IAM policies documents allow &quot;*&quot; as a statement's actions" classname="/modules/edge/main.tf.module.edge.aws_iam_policy_document.frontend_bucket_policy" file="/modules/edge/main.tf"/>
		<testcase name="[NONE][CKV_AWS_108] Ensure IAM policies does not allow data exfiltration" classname="/modules/edge/main.tf.module.edge.aws_iam_policy_document.frontend_bucket_policy" file="/modules/edge/main.tf"/>
		<testcase name="[NONE][CKV_AWS_110] Ensure IAM policies does not allow privilege escalation" classname="/modules/edge/main.tf.module.edge.aws_iam_policy_document.frontend_bucket_policy" file="/modules/edge/main.tf"/>
		<testcase name="[NONE][CKV_AWS_111] Ensure IAM policies does not allow write access without constraints" classname="/modules/edge/main.tf.module.edge.aws_iam_policy_document.frontend_bucket_policy" file="/modules/edge/main.tf"/>
		<testcase name="[NONE][CKV_AWS_356] Ensure no IAM policies documents allow &quot;*&quot; as a statement's resource for restrictable actions" classname="/modules/edge/main.tf.module.edge.aws_iam_policy_document.frontend_bucket_policy" file="/modules/edge/main.tf"/>
		<testcase name="[NONE][CKV_AWS_358] Ensure AWS GitHub Actions OIDC authorization policies only allow safe claims and claim order" classname="/modules/edge/main.tf.module.edge.aws_iam_policy_document.frontend_bucket_policy" file="/modules/edge/main.tf"/>
		<testcase name="[NONE][CKV_AWS_283] Ensure no IAM policies documents allow ALL or any AWS principal permissions to the resource" classname="/modules/edge/main.tf.module.edge.aws_iam_policy_document.frontend_bucket_policy" file="/modules/edge/main.tf"/>
		<testcase name="[NONE][CKV_AWS_107] Ensure IAM policies does not allow credentials exposure" classname="/modules/edge/main.tf.module.edge.aws_iam_policy_document.frontend_bucket_policy" file="/modules/edge/main.tf"/>
		<testcase name="[NONE][CKV_AWS_1] Ensure IAM policies that allow full &quot;*-*&quot; administrative privileges are not created" classname="/modules/edge/main.tf.module.edge.aws_iam_policy_document.frontend_bucket_policy" file="/modules/edge/main.tf"/>
		<testcase name="[NONE][CKV_AWS_234] Verify logging preference for ACM certificates" classname="/modules/edge/main.tf.module.edge.aws_acm_certificate.main" file="/modules/edge/main.tf"/>
		<testcase name="[NONE][CKV_AWS_233] Ensure Create before destroy for ACM certificates" classname="/modules/edge/main.tf.module.edge.aws_acm_certificate.main" file="/modules/edge/main.tf"/>
		<testcase name="[NONE][CKV_AWS_175] Ensure WAF has associated rules" classname="/modules/edge/main.tf.module.edge.aws_wafv2_web_acl.main" file="/modules/edge/main.tf"/>
		<testcase name="[NONE][CKV_AWS_342] Ensure WAF rule has any actions" classname="/modules/edge/main.tf.module.edge.aws_wafv2_web_acl.main" file="/modules/edge/main.tf"/>
		<testcase name="[NONE][CKV_AWS_192] Ensure WAF prevents message lookup in Log4j2. See CVE-2021-44228 aka log4jshell" classname="/modules/edge/main.tf.module.edge.aws_wafv2_web_acl.main" file="/modules/edge/main.tf"/>
		<testcase name="[NONE][CKV_AWS_45] Ensure no hard-coded secrets exist in lambda environment" classname="/modules/edge/main.tf.module.edge.aws_lambda_function.viewer_request" file="/modules/edge/main.tf"/>
		<testcase name="[NONE][CKV_AWS_363] Ensure Lambda Runtime is not deprecated" classname="/modules/edge/main.tf.module.edge.aws_lambda_function.viewer_request" file="/modules/edge/main.tf"/>
		<testcase name="[NONE][CKV_AWS_259] Ensure CloudFront response header policy enforces Strict Transport Security" classname="/modules/edge/main.tf.module.edge.aws_cloudfront_response_headers_policy.security" file="/modules/edge/main.tf"/>
		<testcase name="[NONE][CKV_AWS_216] Ensure CloudFront distribution is enabled" classname="/modules/edge/main.tf.module.edge.aws_cloudfront_distribution.main" file="/modules/edge/main.tf"/>
		<testcase name="[NONE][CKV_AWS_68] CloudFront Distribution should have WAF enabled" classname="/modules/edge/main.tf.module.edge.aws_cloudfront_distribution.main" file="/modules/edge/main.tf"/>
		<testcase name="[NONE][CKV_AWS_174] Verify CloudFront Distribution Viewer Certificate is using TLS v1.2 or higher" classname="/modules/edge/main.tf.module.edge.aws_cloudfront_distribution.main" file="/modules/edge/main.tf"/>
		<testcase name="[NONE][CKV_AWS_86] Ensure CloudFront distribution has Access Logging enabled" classname="/modules/edge/main.tf.module.edge.aws_cloudfront_distribution.main" file="/modules/edge/main.tf"/>
		<testcase name="[NONE][CKV_AWS_34] Ensure CloudFront distribution ViewerProtocolPolicy is set to HTTPS" classname="/modules/edge/main.tf.module.edge.aws_cloudfront_distribution.main" file="/modules/edge/main.tf"/>
		<testcase name="[NONE][CKV_AWS_305] Ensure CloudFront distribution has a default root object configured" classname="/modules/edge/main.tf.module.edge.aws_cloudfront_distribution.main" file="/modules/edge/main.tf"/>
		<testcase name="[NONE][CKV_AWS_93] Ensure S3 bucket policy does not lockout all but root user. (Prevent lockouts needing root account fixes)" classname="/modules/edge/main.tf.module.edge.aws_s3_bucket_policy.frontend" file="/modules/edge/main.tf"/>
		<testcase name="[NONE][CKV_AWS_109] Ensure IAM policies does not allow permissions management / resource exposure without constraints" classname="/modules/iam/main.tf.module.iam.aws_iam_policy_document.ecs_execution_trust" file="/modules/iam/main.tf"/>
		<testcase name="[NONE][CKV_AWS_49] Ensure no IAM policies documents allow &quot;*&quot; as a statement's actions" classname="/modules/iam/main.tf.module.iam.aws_iam_policy_document.ecs_execution_trust" file="/modules/iam/main.tf"/>
		<testcase name="[NONE][CKV_AWS_108] Ensure IAM policies does not allow data exfiltration" classname="/modules/iam/main.tf.module.iam.aws_iam_policy_document.ecs_execution_trust" file="/modules/iam/main.tf"/>
		<testcase name="[NONE][CKV_AWS_110] Ensure IAM policies does not allow privilege escalation" classname="/modules/iam/main.tf.module.iam.aws_iam_policy_document.ecs_execution_trust" file="/modules/iam/main.tf"/>
		<testcase name="[NONE][CKV_AWS_111] Ensure IAM policies does not allow write access without constraints" classname="/modules/iam/main.tf.module.iam.aws_iam_policy_document.ecs_execution_trust" file="/modules/iam/main.tf"/>
		<testcase name="[NONE][CKV_AWS_356] Ensure no IAM policies documents allow &quot;*&quot; as a statement's resource for restrictable actions" classname="/modules/iam/main.tf.module.iam.aws_iam_policy_document.ecs_execution_trust" file="/modules/iam/main.tf"/>
		<testcase name="[NONE][CKV_AWS_358] Ensure AWS GitHub Actions OIDC authorization policies only allow safe claims and claim order" classname="/modules/iam/main.tf.module.iam.aws_iam_policy_document.ecs_execution_trust" file="/modules/iam/main.tf"/>
		<testcase name="[NONE][CKV_AWS_283] Ensure no IAM policies documents allow ALL or any AWS principal permissions to the resource" classname="/modules/iam/main.tf.module.iam.aws_iam_policy_document.ecs_execution_trust" file="/modules/iam/main.tf"/>
		<testcase name="[NONE][CKV_AWS_107] Ensure IAM policies does not allow credentials exposure" classname="/modules/iam/main.tf.module.iam.aws_iam_policy_document.ecs_execution_trust" file="/modules/iam/main.tf"/>
		<testcase name="[NONE][CKV_AWS_1] Ensure IAM policies that allow full &quot;*-*&quot; administrative privileges are not created" classname="/modules/iam/main.tf.module.iam.aws_iam_policy_document.ecs_execution_trust" file="/modules/iam/main.tf"/>
		<testcase name="[NONE][CKV_AWS_109] Ensure IAM policies does not allow permissions management / resource exposure without constraints" classname="/modules/iam/main.tf.module.iam.aws_iam_policy_document.ecs_execution_permissions" file="/modules/iam/main.tf"/>
		<testcase name="[NONE][CKV_AWS_49] Ensure no IAM policies documents allow &quot;*&quot; as a statement's actions" classname="/modules/iam/main.tf.module.iam.aws_iam_policy_document.ecs_execution_permissions" file="/modules/iam/main.tf"/>
		<testcase name="[NONE][CKV_AWS_108] Ensure IAM policies does not allow data exfiltration" classname="/modules/iam/main.tf.module.iam.aws_iam_policy_document.ecs_execution_permissions" file="/modules/iam/main.tf"/>
		<testcase name="[NONE][CKV_AWS_110] Ensure IAM policies does not allow privilege escalation" classname="/modules/iam/main.tf.module.iam.aws_iam_policy_document.ecs_execution_permissions" file="/modules/iam/main.tf"/>
		<testcase name="[NONE][CKV_AWS_111] Ensure IAM policies does not allow write access without constraints" classname="/modules/iam/main.tf.module.iam.aws_iam_policy_document.ecs_execution_permissions" file="/modules/iam/main.tf"/>
		<testcase name="[NONE][CKV_AWS_356] Ensure no IAM policies documents allow &quot;*&quot; as a statement's resource for restrictable actions" classname="/modules/iam/main.tf.module.iam.aws_iam_policy_document.ecs_execution_permissions" file="/modules/iam/main.tf"/>
		<testcase name="[NONE][CKV_AWS_358] Ensure AWS GitHub Actions OIDC authorization policies only allow safe claims and claim order" classname="/modules/iam/main.tf.module.iam.aws_iam_policy_document.ecs_execution_permissions" file="/modules/iam/main.tf"/>
		<testcase name="[NONE][CKV_AWS_283] Ensure no IAM policies documents allow ALL or any AWS principal permissions to the resource" classname="/modules/iam/main.tf.module.iam.aws_iam_policy_document.ecs_execution_permissions" file="/modules/iam/main.tf"/>
		<testcase name="[NONE][CKV_AWS_107] Ensure IAM policies does not allow credentials exposure" classname="/modules/iam/main.tf.module.iam.aws_iam_policy_document.ecs_execution_permissions" file="/modules/iam/main.tf"/>
		<testcase name="[NONE][CKV_AWS_1] Ensure IAM policies that allow full &quot;*-*&quot; administrative privileges are not created" classname="/modules/iam/main.tf.module.iam.aws_iam_policy_document.ecs_execution_permissions" file="/modules/iam/main.tf"/>
		<testcase name="[NONE][CKV_AWS_109] Ensure IAM policies does not allow permissions management / resource exposure without constraints" classname="/modules/iam/main.tf.module.iam.aws_iam_policy_document.ecs_task_trust" file="/modules/iam/main.tf"/>
		<testcase name="[NONE][CKV_AWS_49] Ensure no IAM policies documents allow &quot;*&quot; as a statement's actions" classname="/modules/iam/main.tf.module.iam.aws_iam_policy_document.ecs_task_trust" file="/modules/iam/main.tf"/>
		<testcase name="[NONE][CKV_AWS_108] Ensure IAM policies does not allow data exfiltration" classname="/modules/iam/main.tf.module.iam.aws_iam_policy_document.ecs_task_trust" file="/modules/iam/main.tf"/>
		<testcase name="[NONE][CKV_AWS_110] Ensure IAM policies does not allow privilege escalation" classname="/modules/iam/main.tf.module.iam.aws_iam_policy_document.ecs_task_trust" file="/modules/iam/main.tf"/>
		<testcase name="[NONE][CKV_AWS_111] Ensure IAM policies does not allow write access without constraints" classname="/modules/iam/main.tf.module.iam.aws_iam_policy_document.ecs_task_trust" file="/modules/iam/main.tf"/>
		<testcase name="[NONE][CKV_AWS_356] Ensure no IAM policies documents allow &quot;*&quot; as a statement's resource for restrictable actions" classname="/modules/iam/main.tf.module.iam.aws_iam_policy_document.ecs_task_trust" file="/modules/iam/main.tf"/>
		<testcase name="[NONE][CKV_AWS_358] Ensure AWS GitHub Actions OIDC authorization policies only allow safe claims and claim order" classname="/modules/iam/main.tf.module.iam.aws_iam_policy_document.ecs_task_trust" file="/modules/iam/main.tf"/>
		<testcase name="[NONE][CKV_AWS_283] Ensure no IAM policies documents allow ALL or any AWS principal permissions to the resource" classname="/modules/iam/main.tf.module.iam.aws_iam_policy_document.ecs_task_trust" file="/modules/iam/main.tf"/>
		<testcase name="[NONE][CKV_AWS_107] Ensure IAM policies does not allow credentials exposure" classname="/modules/iam/main.tf.module.iam.aws_iam_policy_document.ecs_task_trust" file="/modules/iam/main.tf"/>
		<testcase name="[NONE][CKV_AWS_1] Ensure IAM policies that allow full &quot;*-*&quot; administrative privileges are not created" classname="/modules/iam/main.tf.module.iam.aws_iam_policy_document.ecs_task_trust" file="/modules/iam/main.tf"/>
		<testcase name="[NONE][CKV_AWS_109] Ensure IAM policies does not allow permissions management / resource exposure without constraints" classname="/modules/iam/main.tf.module.iam.aws_iam_policy_document.ecs_task_permissions" file="/modules/iam/main.tf"/>
		<testcase name="[NONE][CKV_AWS_49] Ensure no IAM policies documents allow &quot;*&quot; as a statement's actions" classname="/modules/iam/main.tf.module.iam.aws_iam_policy_document.ecs_task_permissions" file="/modules/iam/main.tf"/>
		<testcase name="[NONE][CKV_AWS_108] Ensure IAM policies does not allow data exfiltration" classname="/modules/iam/main.tf.module.iam.aws_iam_policy_document.ecs_task_permissions" file="/modules/iam/main.tf"/>
		<testcase name="[NONE][CKV_AWS_110] Ensure IAM policies does not allow privilege escalation" classname="/modules/iam/main.tf.module.iam.aws_iam_policy_document.ecs_task_permissions" file="/modules/iam/main.tf"/>
		<testcase name="[NONE][CKV_AWS_111] Ensure IAM policies does not allow write access without constraints" classname="/modules/iam/main.tf.module.iam.aws_iam_policy_document.ecs_task_permissions" file="/modules/iam/main.tf"/>
		<testcase name="[NONE][CKV_AWS_356] Ensure no IAM policies documents allow &quot;*&quot; as a statement's resource for restrictable actions" classname="/modules/iam/main.tf.module.iam.aws_iam_policy_document.ecs_task_permissions" file="/modules/iam/main.tf"/>
		<testcase name="[NONE][CKV_AWS_358] Ensure AWS GitHub Actions OIDC authorization policies only allow safe claims and claim order" classname="/modules/iam/main.tf.module.iam.aws_iam_policy_document.ecs_task_permissions" file="/modules/iam/main.tf"/>
		<testcase name="[NONE][CKV_AWS_283] Ensure no IAM policies documents allow ALL or any AWS principal permissions to the resource" classname="/modules/iam/main.tf.module.iam.aws_iam_policy_document.ecs_task_permissions" file="/modules/iam/main.tf"/>
		<testcase name="[NONE][CKV_AWS_107] Ensure IAM policies does not allow credentials exposure" classname="/modules/iam/main.tf.module.iam.aws_iam_policy_document.ecs_task_permissions" file="/modules/iam/main.tf"/>
		<testcase name="[NONE][CKV_AWS_1] Ensure IAM policies that allow full &quot;*-*&quot; administrative privileges are not created" classname="/modules/iam/main.tf.module.iam.aws_iam_policy_document.ecs_task_permissions" file="/modules/iam/main.tf"/>
		<testcase name="[NONE][CKV_AWS_109] Ensure IAM policies does not allow permissions management / resource exposure without constraints" classname="/modules/iam/main.tf.module.iam.aws_iam_policy_document.lambda_docgen_trust" file="/modules/iam/main.tf"/>
		<testcase name="[NONE][CKV_AWS_49] Ensure no IAM policies documents allow &quot;*&quot; as a statement's actions" classname="/modules/iam/main.tf.module.iam.aws_iam_policy_document.lambda_docgen_trust" file="/modules/iam/main.tf"/>
		<testcase name="[NONE][CKV_AWS_108] Ensure IAM policies does not allow data exfiltration" classname="/modules/iam/main.tf.module.iam.aws_iam_policy_document.lambda_docgen_trust" file="/modules/iam/main.tf"/>
		<testcase name="[NONE][CKV_AWS_110] Ensure IAM policies does not allow privilege escalation" classname="/modules/iam/main.tf.module.iam.aws_iam_policy_document.lambda_docgen_trust" file="/modules/iam/main.tf"/>
		<testcase name="[NONE][CKV_AWS_111] Ensure IAM policies does not allow write access without constraints" classname="/modules/iam/main.tf.module.iam.aws_iam_policy_document.lambda_docgen_trust" file="/modules/iam/main.tf"/>
		<testcase name="[NONE][CKV_AWS_356] Ensure no IAM policies documents allow &quot;*&quot; as a statement's resource for restrictable actions" classname="/modules/iam/main.tf.module.iam.aws_iam_policy_document.lambda_docgen_trust" file="/modules/iam/main.tf"/>
		<testcase name="[NONE][CKV_AWS_358] Ensure AWS GitHub Actions OIDC authorization policies only allow safe claims and claim order" classname="/modules/iam/main.tf.module.iam.aws_iam_policy_document.lambda_docgen_trust" file="/modules/iam/main.tf"/>
		<testcase name="[NONE][CKV_AWS_283] Ensure no IAM policies documents allow ALL or any AWS principal permissions to the resource" classname="/modules/iam/main.tf.module.iam.aws_iam_policy_document.lambda_docgen_trust" file="/modules/iam/main.tf"/>
		<testcase name="[NONE][CKV_AWS_107] Ensure IAM policies does not allow credentials exposure" classname="/modules/iam/main.tf.module.iam.aws_iam_policy_document.lambda_docgen_trust" file="/modules/iam/main.tf"/>
		<testcase name="[NONE][CKV_AWS_1] Ensure IAM policies that allow full &quot;*-*&quot; administrative privileges are not created" classname="/modules/iam/main.tf.module.iam.aws_iam_policy_document.lambda_docgen_trust" file="/modules/iam/main.tf"/>
		<testcase name="[NONE][CKV_AWS_109] Ensure IAM policies does not allow permissions management / resource exposure without constraints" classname="/modules/iam/main.tf.module.iam.aws_iam_policy_document.lambda_docgen_permissions" file="/modules/iam/main.tf"/>
		<testcase name="[NONE][CKV_AWS_49] Ensure no IAM policies documents allow &quot;*&quot; as a statement's actions" classname="/modules/iam/main.tf.module.iam.aws_iam_policy_document.lambda_docgen_permissions" file="/modules/iam/main.tf"/>
		<testcase name="[NONE][CKV_AWS_108] Ensure IAM policies does not allow data exfiltration" classname="/modules/iam/main.tf.module.iam.aws_iam_policy_document.lambda_docgen_permissions" file="/modules/iam/main.tf"/>
		<testcase name="[NONE][CKV_AWS_110] Ensure IAM policies does not allow privilege escalation" classname="/modules/iam/main.tf.module.iam.aws_iam_policy_document.lambda_docgen_permissions" file="/modules/iam/main.tf"/>
		<testcase name="[NONE][CKV_AWS_111] Ensure IAM policies does not allow write access without constraints" classname="/modules/iam/main.tf.module.iam.aws_iam_policy_document.lambda_docgen_permissions" file="/modules/iam/main.tf"/>
		<testcase name="[NONE][CKV_AWS_356] Ensure no IAM policies documents allow &quot;*&quot; as a statement's resource for restrictable actions" classname="/modules/iam/main.tf.module.iam.aws_iam_policy_document.lambda_docgen_permissions" file="/modules/iam/main.tf"/>
		<testcase name="[NONE][CKV_AWS_358] Ensure AWS GitHub Actions OIDC authorization policies only allow safe claims and claim order" classname="/modules/iam/main.tf.module.iam.aws_iam_policy_document.lambda_docgen_permissions" file="/modules/iam/main.tf"/>
		<testcase name="[NONE][CKV_AWS_283] Ensure no IAM policies documents allow ALL or any AWS principal permissions to the resource" classname="/modules/iam/main.tf.module.iam.aws_iam_policy_document.lambda_docgen_permissions" file="/modules/iam/main.tf"/>
		<testcase name="[NONE][CKV_AWS_107] Ensure IAM policies does not allow credentials exposure" classname="/modules/iam/main.tf.module.iam.aws_iam_policy_document.lambda_docgen_permissions" file="/modules/iam/main.tf"/>
		<testcase name="[NONE][CKV_AWS_1] Ensure IAM policies that allow full &quot;*-*&quot; administrative privileges are not created" classname="/modules/iam/main.tf.module.iam.aws_iam_policy_document.lambda_docgen_permissions" file="/modules/iam/main.tf"/>
		<testcase name="[NONE][CKV_AWS_109] Ensure IAM policies does not allow permissions management / resource exposure without constraints" classname="/modules/iam/main.tf.module.iam.aws_iam_policy_document.backup_trust" file="/modules/iam/main.tf"/>
		<testcase name="[NONE][CKV_AWS_49] Ensure no IAM policies documents allow &quot;*&quot; as a statement's actions" classname="/modules/iam/main.tf.module.iam.aws_iam_policy_document.backup_trust" file="/modules/iam/main.tf"/>
		<testcase name="[NONE][CKV_AWS_108] Ensure IAM policies does not allow data exfiltration" classname="/modules/iam/main.tf.module.iam.aws_iam_policy_document.backup_trust" file="/modules/iam/main.tf"/>
		<testcase name="[NONE][CKV_AWS_110] Ensure IAM policies does not allow privilege escalation" classname="/modules/iam/main.tf.module.iam.aws_iam_policy_document.backup_trust" file="/modules/iam/main.tf"/>
		<testcase name="[NONE][CKV_AWS_111] Ensure IAM policies does not allow write access without constraints" classname="/modules/iam/main.tf.module.iam.aws_iam_policy_document.backup_trust" file="/modules/iam/main.tf"/>
		<testcase name="[NONE][CKV_AWS_356] Ensure no IAM policies documents allow &quot;*&quot; as a statement's resource for restrictable actions" classname="/modules/iam/main.tf.module.iam.aws_iam_policy_document.backup_trust" file="/modules/iam/main.tf"/>
		<testcase name="[NONE][CKV_AWS_358] Ensure AWS GitHub Actions OIDC authorization policies only allow safe claims and claim order" classname="/modules/iam/main.tf.module.iam.aws_iam_policy_document.backup_trust" file="/modules/iam/main.tf"/>
		<testcase name="[NONE][CKV_AWS_283] Ensure no IAM policies documents allow ALL or any AWS principal permissions to the resource" classname="/modules/iam/main.tf.module.iam.aws_iam_policy_document.backup_trust" file="/modules/iam/main.tf"/>
		<testcase name="[NONE][CKV_AWS_107] Ensure IAM policies does not allow credentials exposure" classname="/modules/iam/main.tf.module.iam.aws_iam_policy_document.backup_trust" file="/modules/iam/main.tf"/>
		<testcase name="[NONE][CKV_AWS_1] Ensure IAM policies that allow full &quot;*-*&quot; administrative privileges are not created" classname="/modules/iam/main.tf.module.iam.aws_iam_policy_document.backup_trust" file="/modules/iam/main.tf"/>
		<testcase name="[NONE][CKV_AWS_109] Ensure IAM policies does not allow permissions management / resource exposure without constraints" classname="/modules/iam/main.tf.module.iam.aws_iam_policy_document.backup_kms" file="/modules/iam/main.tf"/>
		<testcase name="[NONE][CKV_AWS_49] Ensure no IAM policies documents allow &quot;*&quot; as a statement's actions" classname="/modules/iam/main.tf.module.iam.aws_iam_policy_document.backup_kms" file="/modules/iam/main.tf"/>
		<testcase name="[NONE][CKV_AWS_108] Ensure IAM policies does not allow data exfiltration" classname="/modules/iam/main.tf.module.iam.aws_iam_policy_document.backup_kms" file="/modules/iam/main.tf"/>
		<testcase name="[NONE][CKV_AWS_110] Ensure IAM policies does not allow privilege escalation" classname="/modules/iam/main.tf.module.iam.aws_iam_policy_document.backup_kms" file="/modules/iam/main.tf"/>
		<testcase name="[NONE][CKV_AWS_111] Ensure IAM policies does not allow write access without constraints" classname="/modules/iam/main.tf.module.iam.aws_iam_policy_document.backup_kms" file="/modules/iam/main.tf"/>
		<testcase name="[NONE][CKV_AWS_356] Ensure no IAM policies documents allow &quot;*&quot; as a statement's resource for restrictable actions" classname="/modules/iam/main.tf.module.iam.aws_iam_policy_document.backup_kms" file="/modules/iam/main.tf"/>
		<testcase name="[NONE][CKV_AWS_358] Ensure AWS GitHub Actions OIDC authorization policies only allow safe claims and claim order" classname="/modules/iam/main.tf.module.iam.aws_iam_policy_document.backup_kms" file="/modules/iam/main.tf"/>
		<testcase name="[NONE][CKV_AWS_283] Ensure no IAM policies documents allow ALL or any AWS principal permissions to the resource" classname="/modules/iam/main.tf.module.iam.aws_iam_policy_document.backup_kms" file="/modules/iam/main.tf"/>
		<testcase name="[NONE][CKV_AWS_107] Ensure IAM policies does not allow credentials exposure" classname="/modules/iam/main.tf.module.iam.aws_iam_policy_document.backup_kms" file="/modules/iam/main.tf"/>
		<testcase name="[NONE][CKV_AWS_1] Ensure IAM policies that allow full &quot;*-*&quot; administrative privileges are not created" classname="/modules/iam/main.tf.module.iam.aws_iam_policy_document.backup_kms" file="/modules/iam/main.tf"/>
		<testcase name="[NONE][CKV_AWS_109] Ensure IAM policies does not allow permissions management / resource exposure without constraints" classname="/modules/iam/main.tf.module.iam.aws_iam_policy_document.lambda_edge_trust" file="/modules/iam/main.tf"/>
		<testcase name="[NONE][CKV_AWS_49] Ensure no IAM policies documents allow &quot;*&quot; as a statement's actions" classname="/modules/iam/main.tf.module.iam.aws_iam_policy_document.lambda_edge_trust" file="/modules/iam/main.tf"/>
		<testcase name="[NONE][CKV_AWS_108] Ensure IAM policies does not allow data exfiltration" classname="/modules/iam/main.tf.module.iam.aws_iam_policy_document.lambda_edge_trust" file="/modules/iam/main.tf"/>
		<testcase name="[NONE][CKV_AWS_110] Ensure IAM policies does not allow privilege escalation" classname="/modules/iam/main.tf.module.iam.aws_iam_policy_document.lambda_edge_trust" file="/modules/iam/main.tf"/>
		<testcase name="[NONE][CKV_AWS_111] Ensure IAM policies does not allow write access without constraints" classname="/modules/iam/main.tf.module.iam.aws_iam_policy_document.lambda_edge_trust" file="/modules/iam/main.tf"/>
		<testcase name="[NONE][CKV_AWS_356] Ensure no IAM policies documents allow &quot;*&quot; as a statement's resource for restrictable actions" classname="/modules/iam/main.tf.module.iam.aws_iam_policy_document.lambda_edge_trust" file="/modules/iam/main.tf"/>
		<testcase name="[NONE][CKV_AWS_358] Ensure AWS GitHub Actions OIDC authorization policies only allow safe claims and claim order" classname="/modules/iam/main.tf.module.iam.aws_iam_policy_document.lambda_edge_trust" file="/modules/iam/main.tf"/>
		<testcase name="[NONE][CKV_AWS_283] Ensure no IAM policies documents allow ALL or any AWS principal permissions to the resource" classname="/modules/iam/main.tf.module.iam.aws_iam_policy_document.lambda_edge_trust" file="/modules/iam/main.tf"/>
		<testcase name="[NONE][CKV_AWS_107] Ensure IAM policies does not allow credentials exposure" classname="/modules/iam/main.tf.module.iam.aws_iam_policy_document.lambda_edge_trust" file="/modules/iam/main.tf"/>
		<testcase name="[NONE][CKV_AWS_1] Ensure IAM policies that allow full &quot;*-*&quot; administrative privileges are not created" classname="/modules/iam/main.tf.module.iam.aws_iam_policy_document.lambda_edge_trust" file="/modules/iam/main.tf"/>
		<testcase name="[NONE][CKV_AWS_109] Ensure IAM policies does not allow permissions management / resource exposure without constraints" classname="/modules/iam/main.tf.module.iam.aws_iam_policy_document.lambda_edge_permissions" file="/modules/iam/main.tf"/>
		<testcase name="[NONE][CKV_AWS_49] Ensure no IAM policies documents allow &quot;*&quot; as a statement's actions" classname="/modules/iam/main.tf.module.iam.aws_iam_policy_document.lambda_edge_permissions" file="/modules/iam/main.tf"/>
		<testcase name="[NONE][CKV_AWS_108] Ensure IAM policies does not allow data exfiltration" classname="/modules/iam/main.tf.module.iam.aws_iam_policy_document.lambda_edge_permissions" file="/modules/iam/main.tf"/>
		<testcase name="[NONE][CKV_AWS_110] Ensure IAM policies does not allow privilege escalation" classname="/modules/iam/main.tf.module.iam.aws_iam_policy_document.lambda_edge_permissions" file="/modules/iam/main.tf"/>
		<testcase name="[NONE][CKV_AWS_111] Ensure IAM policies does not allow write access without constraints" classname="/modules/iam/main.tf.module.iam.aws_iam_policy_document.lambda_edge_permissions" file="/modules/iam/main.tf"/>
		<testcase name="[NONE][CKV_AWS_356] Ensure no IAM policies documents allow &quot;*&quot; as a statement's resource for restrictable actions" classname="/modules/iam/main.tf.module.iam.aws_iam_policy_document.lambda_edge_permissions" file="/modules/iam/main.tf"/>
		<testcase name="[NONE][CKV_AWS_358] Ensure AWS GitHub Actions OIDC authorization policies only allow safe claims and claim order" classname="/modules/iam/main.tf.module.iam.aws_iam_policy_document.lambda_edge_permissions" file="/modules/iam/main.tf"/>
		<testcase name="[NONE][CKV_AWS_283] Ensure no IAM policies documents allow ALL or any AWS principal permissions to the resource" classname="/modules/iam/main.tf.module.iam.aws_iam_policy_document.lambda_edge_permissions" file="/modules/iam/main.tf"/>
		<testcase name="[NONE][CKV_AWS_107] Ensure IAM policies does not allow credentials exposure" classname="/modules/iam/main.tf.module.iam.aws_iam_policy_document.lambda_edge_permissions" file="/modules/iam/main.tf"/>
		<testcase name="[NONE][CKV_AWS_1] Ensure IAM policies that allow full &quot;*-*&quot; administrative privileges are not created" classname="/modules/iam/main.tf.module.iam.aws_iam_policy_document.lambda_edge_permissions" file="/modules/iam/main.tf"/>
		<testcase name="[NONE][CKV_AWS_61] Ensure AWS IAM policy does not allow assume role permission across all services" classname="/modules/iam/main.tf.module.iam.aws_iam_role.ecs_task_execution" file="/modules/iam/main.tf"/>
		<testcase name="[NONE][CKV_AWS_274] Disallow IAM roles, users, and groups from using the AWS AdministratorAccess policy" classname="/modules/iam/main.tf.module.iam.aws_iam_role.ecs_task_execution" file="/modules/iam/main.tf"/>
		<testcase name="[NONE][CKV_AWS_393] Ensure AWS GitHub Actions OIDC authorization policies only allow safe claims and claim order on IAM role" classname="/modules/iam/main.tf.module.iam.aws_iam_role.ecs_task_execution" file="/modules/iam/main.tf"/>
		<testcase name="[NONE][CKV_AWS_60] Ensure IAM role allows only specific services or principals to assume it" classname="/modules/iam/main.tf.module.iam.aws_iam_role.ecs_task_execution" file="/modules/iam/main.tf"/>
		<testcase name="[NONE][CKV_AWS_62] Ensure IAM policies that allow full &quot;*-*&quot; administrative privileges are not created" classname="/modules/iam/main.tf.module.iam.aws_iam_role_policy.ecs_task_execution" file="/modules/iam/main.tf"/>
		<testcase name="[NONE][CKV_AWS_63] Ensure no IAM policies documents allow &quot;*&quot; as a statement's actions" classname="/modules/iam/main.tf.module.iam.aws_iam_role_policy.ecs_task_execution" file="/modules/iam/main.tf"/>
		<testcase name="[NONE][CKV_AWS_61] Ensure AWS IAM policy does not allow assume role permission across all services" classname="/modules/iam/main.tf.module.iam.aws_iam_role.ecs_task" file="/modules/iam/main.tf"/>
		<testcase name="[NONE][CKV_AWS_274] Disallow IAM roles, users, and groups from using the AWS AdministratorAccess policy" classname="/modules/iam/main.tf.module.iam.aws_iam_role.ecs_task" file="/modules/iam/main.tf"/>
		<testcase name="[NONE][CKV_AWS_393] Ensure AWS GitHub Actions OIDC authorization policies only allow safe claims and claim order on IAM role" classname="/modules/iam/main.tf.module.iam.aws_iam_role.ecs_task" file="/modules/iam/main.tf"/>
		<testcase name="[NONE][CKV_AWS_60] Ensure IAM role allows only specific services or principals to assume it" classname="/modules/iam/main.tf.module.iam.aws_iam_role.ecs_task" file="/modules/iam/main.tf"/>
		<testcase name="[NONE][CKV_AWS_62] Ensure IAM policies that allow full &quot;*-*&quot; administrative privileges are not created" classname="/modules/iam/main.tf.module.iam.aws_iam_role_policy.ecs_task" file="/modules/iam/main.tf"/>
		<testcase name="[NONE][CKV_AWS_63] Ensure no IAM policies documents allow &quot;*&quot; as a statement's actions" classname="/modules/iam/main.tf.module.iam.aws_iam_role_policy.ecs_task" file="/modules/iam/main.tf"/>
		<testcase name="[NONE][CKV_AWS_61] Ensure AWS IAM policy does not allow assume role permission across all services" classname="/modules/iam/main.tf.module.iam.aws_iam_role.lambda_docgen" file="/modules/iam/main.tf"/>
		<testcase name="[NONE][CKV_AWS_274] Disallow IAM roles, users, and groups from using the AWS AdministratorAccess policy" classname="/modules/iam/main.tf.module.iam.aws_iam_role.lambda_docgen" file="/modules/iam/main.tf"/>
		<testcase name="[NONE][CKV_AWS_393] Ensure AWS GitHub Actions OIDC authorization policies only allow safe claims and claim order on IAM role" classname="/modules/iam/main.tf.module.iam.aws_iam_role.lambda_docgen" file="/modules/iam/main.tf"/>
		<testcase name="[NONE][CKV_AWS_60] Ensure IAM role allows only specific services or principals to assume it" classname="/modules/iam/main.tf.module.iam.aws_iam_role.lambda_docgen" file="/modules/iam/main.tf"/>
		<testcase name="[NONE][CKV_AWS_62] Ensure IAM policies that allow full &quot;*-*&quot; administrative privileges are not created" classname="/modules/iam/main.tf.module.iam.aws_iam_role_policy.lambda_docgen" file="/modules/iam/main.tf"/>
		<testcase name="[NONE][CKV_AWS_63] Ensure no IAM policies documents allow &quot;*&quot; as a statement's actions" classname="/modules/iam/main.tf.module.iam.aws_iam_role_policy.lambda_docgen" file="/modules/iam/main.tf"/>
		<testcase name="[NONE][CKV_AWS_274] Disallow IAM roles, users, and groups from using the AWS AdministratorAccess policy" classname="/modules/iam/main.tf.module.iam.aws_iam_role_policy_attachment.lambda_vpc_access" file="/modules/iam/main.tf"/>
		<testcase name="[NONE][CKV_AWS_61] Ensure AWS IAM policy does not allow assume role permission across all services" classname="/modules/iam/main.tf.module.iam.aws_iam_role.backup" file="/modules/iam/main.tf"/>
		<testcase name="[NONE][CKV_AWS_274] Disallow IAM roles, users, and groups from using the AWS AdministratorAccess policy" classname="/modules/iam/main.tf.module.iam.aws_iam_role.backup" file="/modules/iam/main.tf"/>
		<testcase name="[NONE][CKV_AWS_393] Ensure AWS GitHub Actions OIDC authorization policies only allow safe claims and claim order on IAM role" classname="/modules/iam/main.tf.module.iam.aws_iam_role.backup" file="/modules/iam/main.tf"/>
		<testcase name="[NONE][CKV_AWS_60] Ensure IAM role allows only specific services or principals to assume it" classname="/modules/iam/main.tf.module.iam.aws_iam_role.backup" file="/modules/iam/main.tf"/>
		<testcase name="[NONE][CKV_AWS_274] Disallow IAM roles, users, and groups from using the AWS AdministratorAccess policy" classname="/modules/iam/main.tf.module.iam.aws_iam_role_policy_attachment.backup_policy" file="/modules/iam/main.tf"/>
		<testcase name="[NONE][CKV_AWS_274] Disallow IAM roles, users, and groups from using the AWS AdministratorAccess policy" classname="/modules/iam/main.tf.module.iam.aws_iam_role_policy_attachment.backup_restore_policy" file="/modules/iam/main.tf"/>
		<testcase name="[NONE][CKV_AWS_274] Disallow IAM roles, users, and groups from using the AWS AdministratorAccess policy" classname="/modules/iam/main.tf.module.iam.aws_iam_role_policy_attachment.backup_s3_policy" file="/modules/iam/main.tf"/>
		<testcase name="[NONE][CKV_AWS_62] Ensure IAM policies that allow full &quot;*-*&quot; administrative privileges are not created" classname="/modules/iam/main.tf.module.iam.aws_iam_role_policy.backup_kms" file="/modules/iam/main.tf"/>
		<testcase name="[NONE][CKV_AWS_63] Ensure no IAM policies documents allow &quot;*&quot; as a statement's actions" classname="/modules/iam/main.tf.module.iam.aws_iam_role_policy.backup_kms" file="/modules/iam/main.tf"/>
		<testcase name="[NONE][CKV_AWS_61] Ensure AWS IAM policy does not allow assume role permission across all services" classname="/modules/iam/main.tf.module.iam.aws_iam_role.lambda_edge" file="/modules/iam/main.tf"/>
		<testcase name="[NONE][CKV_AWS_274] Disallow IAM roles, users, and groups from using the AWS AdministratorAccess policy" classname="/modules/iam/main.tf.module.iam.aws_iam_role.lambda_edge" file="/modules/iam/main.tf"/>
		<testcase name="[NONE][CKV_AWS_393] Ensure AWS GitHub Actions OIDC authorization policies only allow safe claims and claim order on IAM role" classname="/modules/iam/main.tf.module.iam.aws_iam_role.lambda_edge" file="/modules/iam/main.tf"/>
		<testcase name="[NONE][CKV_AWS_60] Ensure IAM role allows only specific services or principals to assume it" classname="/modules/iam/main.tf.module.iam.aws_iam_role.lambda_edge" file="/modules/iam/main.tf"/>
		<testcase name="[NONE][CKV_AWS_62] Ensure IAM policies that allow full &quot;*-*&quot; administrative privileges are not created" classname="/modules/iam/main.tf.module.iam.aws_iam_role_policy.lambda_edge" file="/modules/iam/main.tf"/>
		<testcase name="[NONE][CKV_AWS_63] Ensure no IAM policies documents allow &quot;*&quot; as a statement's actions" classname="/modules/iam/main.tf.module.iam.aws_iam_role_policy.lambda_edge" file="/modules/iam/main.tf"/>
		<testcase name="[NONE][CKV_AWS_7] Ensure rotation for customer created CMKs is enabled" classname="/modules/kms/main.tf.module.kms.aws_kms_key.s3_frontend" file="/modules/kms/main.tf"/>
		<testcase name="[NONE][CKV_AWS_227] Ensure KMS key is enabled" classname="/modules/kms/main.tf.module.kms.aws_kms_key.s3_frontend" file="/modules/kms/main.tf"/>
		<testcase name="[NONE][CKV_AWS_33] Ensure KMS key policy does not contain wildcard (*) principal" classname="/modules/kms/main.tf.module.kms.aws_kms_key.s3_frontend" file="/modules/kms/main.tf"/>
		<testcase name="[NONE][CKV_AWS_7] Ensure rotation for customer created CMKs is enabled" classname="/modules/kms/main.tf.module.kms.aws_kms_key.s3_docs" file="/modules/kms/main.tf"/>
		<testcase name="[NONE][CKV_AWS_227] Ensure KMS key is enabled" classname="/modules/kms/main.tf.module.kms.aws_kms_key.s3_docs" file="/modules/kms/main.tf"/>
		<testcase name="[NONE][CKV_AWS_33] Ensure KMS key policy does not contain wildcard (*) principal" classname="/modules/kms/main.tf.module.kms.aws_kms_key.s3_docs" file="/modules/kms/main.tf"/>
		<testcase name="[NONE][CKV_AWS_7] Ensure rotation for customer created CMKs is enabled" classname="/modules/kms/main.tf.module.kms.aws_kms_key.rds" file="/modules/kms/main.tf"/>
		<testcase name="[NONE][CKV_AWS_227] Ensure KMS key is enabled" classname="/modules/kms/main.tf.module.kms.aws_kms_key.rds" file="/modules/kms/main.tf"/>
		<testcase name="[NONE][CKV_AWS_33] Ensure KMS key policy does not contain wildcard (*) principal" classname="/modules/kms/main.tf.module.kms.aws_kms_key.rds" file="/modules/kms/main.tf"/>
		<testcase name="[NONE][CKV_AWS_7] Ensure rotation for customer created CMKs is enabled" classname="/modules/kms/main.tf.module.kms.aws_kms_key.secrets" file="/modules/kms/main.tf"/>
		<testcase name="[NONE][CKV_AWS_227] Ensure KMS key is enabled" classname="/modules/kms/main.tf.module.kms.aws_kms_key.secrets" file="/modules/kms/main.tf"/>
		<testcase name="[NONE][CKV_AWS_33] Ensure KMS key policy does not contain wildcard (*) principal" classname="/modules/kms/main.tf.module.kms.aws_kms_key.secrets" file="/modules/kms/main.tf"/>
		<testcase name="[NONE][CKV_AWS_7] Ensure rotation for customer created CMKs is enabled" classname="/modules/kms/main.tf.module.kms.aws_kms_key.sqs" file="/modules/kms/main.tf"/>
		<testcase name="[NONE][CKV_AWS_227] Ensure KMS key is enabled" classname="/modules/kms/main.tf.module.kms.aws_kms_key.sqs" file="/modules/kms/main.tf"/>
		<testcase name="[NONE][CKV_AWS_33] Ensure KMS key policy does not contain wildcard (*) principal" classname="/modules/kms/main.tf.module.kms.aws_kms_key.sqs" file="/modules/kms/main.tf"/>
		<testcase name="[NONE][CKV_AWS_7] Ensure rotation for customer created CMKs is enabled" classname="/modules/kms/main.tf.module.kms.aws_kms_key.logs" file="/modules/kms/main.tf"/>
		<testcase name="[NONE][CKV_AWS_227] Ensure KMS key is enabled" classname="/modules/kms/main.tf.module.kms.aws_kms_key.logs" file="/modules/kms/main.tf"/>
		<testcase name="[NONE][CKV_AWS_33] Ensure KMS key policy does not contain wildcard (*) principal" classname="/modules/kms/main.tf.module.kms.aws_kms_key.logs" file="/modules/kms/main.tf"/>
		<testcase name="[NONE][CKV_AWS_7] Ensure rotation for customer created CMKs is enabled" classname="/modules/kms/main.tf.module.kms.aws_kms_key.ecr" file="/modules/kms/main.tf"/>
		<testcase name="[NONE][CKV_AWS_227] Ensure KMS key is enabled" classname="/modules/kms/main.tf.module.kms.aws_kms_key.ecr" file="/modules/kms/main.tf"/>
		<testcase name="[NONE][CKV_AWS_33] Ensure KMS key policy does not contain wildcard (*) principal" classname="/modules/kms/main.tf.module.kms.aws_kms_key.ecr" file="/modules/kms/main.tf"/>
		<testcase name="[NONE][CKV_AWS_7] Ensure rotation for customer created CMKs is enabled" classname="/modules/kms/main.tf.module.kms.aws_kms_key.backups" file="/modules/kms/main.tf"/>
		<testcase name="[NONE][CKV_AWS_227] Ensure KMS key is enabled" classname="/modules/kms/main.tf.module.kms.aws_kms_key.backups" file="/modules/kms/main.tf"/>
		<testcase name="[NONE][CKV_AWS_33] Ensure KMS key policy does not contain wildcard (*) principal" classname="/modules/kms/main.tf.module.kms.aws_kms_key.backups" file="/modules/kms/main.tf"/>
		<testcase name="[NONE][CKV_AWS_158] Ensure that CloudWatch Log Group is encrypted by KMS" classname="/modules/lambda/main.tf.module.lambda.aws_cloudwatch_log_group.lambda" file="/modules/lambda/main.tf"/>
		<testcase name="[NONE][CKV_AWS_66] Ensure that CloudWatch Log Group specifies retention days" classname="/modules/lambda/main.tf.module.lambda.aws_cloudwatch_log_group.lambda" file="/modules/lambda/main.tf"/>
		<testcase name="[NONE][CKV_AWS_45] Ensure no hard-coded secrets exist in lambda environment" classname="/modules/lambda/main.tf.module.lambda.aws_lambda_function.doc_generante" file="/modules/lambda/main.tf"/>
		<testcase name="[NONE][CKV_AWS_117] Ensure that AWS Lambda function is configured inside a VPC" classname="/modules/lambda/main.tf.module.lambda.aws_lambda_function.doc_generante" file="/modules/lambda/main.tf"/>
		<testcase name="[NONE][CKV_AWS_363] Ensure Lambda Runtime is not deprecated" classname="/modules/lambda/main.tf.module.lambda.aws_lambda_function.doc_generante" file="/modules/lambda/main.tf"/>
		<testcase name="[NONE][CKV_AWS_130] Ensure VPC subnets do not assign public IP by default" classname="/modules/networking/main.tf.module.networking.aws_subnet.public_az_a" file="/modules/networking/main.tf"/>
		<testcase name="[NONE][CKV_AWS_130] Ensure VPC subnets do not assign public IP by default" classname="/modules/networking/main.tf.module.networking.aws_subnet.public_az_b" file="/modules/networking/main.tf"/>
		<testcase name="[NONE][CKV_AWS_130] Ensure VPC subnets do not assign public IP by default" classname="/modules/networking/main.tf.module.networking.aws_subnet.private_app_az_a" file="/modules/networking/main.tf"/>
		<testcase name="[NONE][CKV_AWS_130] Ensure VPC subnets do not assign public IP by default" classname="/modules/networking/main.tf.module.networking.aws_subnet.private_app_az_b" file="/modules/networking/main.tf"/>
		<testcase name="[NONE][CKV_AWS_130] Ensure VPC subnets do not assign public IP by default" classname="/modules/networking/main.tf.module.networking.aws_subnet.private_data_az_a" file="/modules/networking/main.tf"/>
		<testcase name="[NONE][CKV_AWS_130] Ensure VPC subnets do not assign public IP by default" classname="/modules/networking/main.tf.module.networking.aws_subnet.private_data_az_b" file="/modules/networking/main.tf"/>
		<testcase name="[NONE][CKV_AWS_338] Ensure CloudWatch log groups retains logs for at least 1 year" classname="/modules/networking/main.tf.module.networking.aws_cloudwatch_log_group.flow_logs" file="/modules/networking/main.tf"/>
		<testcase name="[NONE][CKV_AWS_158] Ensure that CloudWatch Log Group is encrypted by KMS" classname="/modules/networking/main.tf.module.networking.aws_cloudwatch_log_group.flow_logs" file="/modules/networking/main.tf"/>
		<testcase name="[NONE][CKV_AWS_66] Ensure that CloudWatch Log Group specifies retention days" classname="/modules/networking/main.tf.module.networking.aws_cloudwatch_log_group.flow_logs" file="/modules/networking/main.tf"/>
		<testcase name="[NONE][CKV_AWS_61] Ensure AWS IAM policy does not allow assume role permission across all services" classname="/modules/networking/main.tf.module.networking.aws_iam_role.flow_logs" file="/modules/networking/main.tf"/>
		<testcase name="[NONE][CKV_AWS_274] Disallow IAM roles, users, and groups from using the AWS AdministratorAccess policy" classname="/modules/networking/main.tf.module.networking.aws_iam_role.flow_logs" file="/modules/networking/main.tf"/>
		<testcase name="[NONE][CKV_AWS_393] Ensure AWS GitHub Actions OIDC authorization policies only allow safe claims and claim order on IAM role" classname="/modules/networking/main.tf.module.networking.aws_iam_role.flow_logs" file="/modules/networking/main.tf"/>
		<testcase name="[NONE][CKV_AWS_60] Ensure IAM role allows only specific services or principals to assume it" classname="/modules/networking/main.tf.module.networking.aws_iam_role.flow_logs" file="/modules/networking/main.tf"/>
		<testcase name="[NONE][CKV_AWS_62] Ensure IAM policies that allow full &quot;*-*&quot; administrative privileges are not created" classname="/modules/networking/main.tf.module.networking.aws_iam_role_policy.flow_logs" file="/modules/networking/main.tf"/>
		<testcase name="[NONE][CKV_AWS_355] Ensure no IAM policies documents allow &quot;*&quot; as a statement's resource for restrictable actions" classname="/modules/networking/main.tf.module.networking.aws_iam_role_policy.flow_logs" file="/modules/networking/main.tf"/>
		<testcase name="[NONE][CKV_AWS_289] Ensure IAM policies does not allow permissions management / resource exposure without constraints" classname="/modules/networking/main.tf.module.networking.aws_iam_role_policy.flow_logs" file="/modules/networking/main.tf"/>
		<testcase name="[NONE][CKV_AWS_288] Ensure IAM policies does not allow data exfiltration" classname="/modules/networking/main.tf.module.networking.aws_iam_role_policy.flow_logs" file="/modules/networking/main.tf"/>
		<testcase name="[NONE][CKV_AWS_286] Ensure IAM policies does not allow privilege escalation" classname="/modules/networking/main.tf.module.networking.aws_iam_role_policy.flow_logs" file="/modules/networking/main.tf"/>
		<testcase name="[NONE][CKV_AWS_63] Ensure no IAM policies documents allow &quot;*&quot; as a statement's actions" classname="/modules/networking/main.tf.module.networking.aws_iam_role_policy.flow_logs" file="/modules/networking/main.tf"/>
		<testcase name="[NONE][CKV_AWS_290] Ensure IAM policies does not allow write access without constraints" classname="/modules/networking/main.tf.module.networking.aws_iam_role_policy.flow_logs" file="/modules/networking/main.tf"/>
		<testcase name="[NONE][CKV_AWS_287] Ensure IAM policies does not allow credentials exposure" classname="/modules/networking/main.tf.module.networking.aws_iam_role_policy.flow_logs" file="/modules/networking/main.tf"/>
		<testcase name="[NONE][CKV_AWS_230] Ensure no NACL allow ingress from 0.0.0.0:0 to port 20" classname="/modules/networking/main.tf.module.networking.aws_network_acl_rule.public_inbound_https" file="/modules/networking/main.tf"/>
		<testcase name="[NONE][CKV_AWS_229] Ensure no NACL allow ingress from 0.0.0.0:0 to port 21" classname="/modules/networking/main.tf.module.networking.aws_network_acl_rule.public_inbound_https" file="/modules/networking/main.tf"/>
		<testcase name="[NONE][CKV_AWS_231] Ensure no NACL allow ingress from 0.0.0.0:0 to port 3389" classname="/modules/networking/main.tf.module.networking.aws_network_acl_rule.public_inbound_https" file="/modules/networking/main.tf"/>
		<testcase name="[NONE][CKV_AWS_232] Ensure no NACL allow ingress from 0.0.0.0:0 to port 22" classname="/modules/networking/main.tf.module.networking.aws_network_acl_rule.public_inbound_https" file="/modules/networking/main.tf"/>
		<testcase name="[NONE][CKV_AWS_352] Ensure NACL ingress does not allow all Ports" classname="/modules/networking/main.tf.module.networking.aws_network_acl_rule.public_inbound_https" file="/modules/networking/main.tf"/>
		<testcase name="[NONE][CKV_AWS_230] Ensure no NACL allow ingress from 0.0.0.0:0 to port 20" classname="/modules/networking/main.tf.module.networking.aws_network_acl_rule.public_inbound_ephemeral_lower" file="/modules/networking/main.tf"/>
		<testcase name="[NONE][CKV_AWS_229] Ensure no NACL allow ingress from 0.0.0.0:0 to port 21" classname="/modules/networking/main.tf.module.networking.aws_network_acl_rule.public_inbound_ephemeral_lower" file="/modules/networking/main.tf"/>
		<testcase name="[NONE][CKV_AWS_231] Ensure no NACL allow ingress from 0.0.0.0:0 to port 3389" classname="/modules/networking/main.tf.module.networking.aws_network_acl_rule.public_inbound_ephemeral_lower" file="/modules/networking/main.tf"/>
		<testcase name="[NONE][CKV_AWS_232] Ensure no NACL allow ingress from 0.0.0.0:0 to port 22" classname="/modules/networking/main.tf.module.networking.aws_network_acl_rule.public_inbound_ephemeral_lower" file="/modules/networking/main.tf"/>
		<testcase name="[NONE][CKV_AWS_352] Ensure NACL ingress does not allow all Ports" classname="/modules/networking/main.tf.module.networking.aws_network_acl_rule.public_inbound_ephemeral_lower" file="/modules/networking/main.tf"/>
		<testcase name="[NONE][CKV_AWS_230] Ensure no NACL allow ingress from 0.0.0.0:0 to port 20" classname="/modules/networking/main.tf.module.networking.aws_network_acl_rule.public_inbound_ephemeral_upper" file="/modules/networking/main.tf"/>
		<testcase name="[NONE][CKV_AWS_229] Ensure no NACL allow ingress from 0.0.0.0:0 to port 21" classname="/modules/networking/main.tf.module.networking.aws_network_acl_rule.public_inbound_ephemeral_upper" file="/modules/networking/main.tf"/>
		<testcase name="[NONE][CKV_AWS_231] Ensure no NACL allow ingress from 0.0.0.0:0 to port 3389" classname="/modules/networking/main.tf.module.networking.aws_network_acl_rule.public_inbound_ephemeral_upper" file="/modules/networking/main.tf"/>
		<testcase name="[NONE][CKV_AWS_232] Ensure no NACL allow ingress from 0.0.0.0:0 to port 22" classname="/modules/networking/main.tf.module.networking.aws_network_acl_rule.public_inbound_ephemeral_upper" file="/modules/networking/main.tf"/>
		<testcase name="[NONE][CKV_AWS_352] Ensure NACL ingress does not allow all Ports" classname="/modules/networking/main.tf.module.networking.aws_network_acl_rule.public_inbound_ephemeral_upper" file="/modules/networking/main.tf"/>
		<testcase name="[NONE][CKV_AWS_230] Ensure no NACL allow ingress from 0.0.0.0:0 to port 20" classname="/modules/networking/main.tf.module.networking.aws_network_acl_rule.public_outbound_https" file="/modules/networking/main.tf"/>
		<testcase name="[NONE][CKV_AWS_229] Ensure no NACL allow ingress from 0.0.0.0:0 to port 21" classname="/modules/networking/main.tf.module.networking.aws_network_acl_rule.public_outbound_https" file="/modules/networking/main.tf"/>
		<testcase name="[NONE][CKV_AWS_231] Ensure no NACL allow ingress from 0.0.0.0:0 to port 3389" classname="/modules/networking/main.tf.module.networking.aws_network_acl_rule.public_outbound_https" file="/modules/networking/main.tf"/>
		<testcase name="[NONE][CKV_AWS_232] Ensure no NACL allow ingress from 0.0.0.0:0 to port 22" classname="/modules/networking/main.tf.module.networking.aws_network_acl_rule.public_outbound_https" file="/modules/networking/main.tf"/>
		<testcase name="[NONE][CKV_AWS_230] Ensure no NACL allow ingress from 0.0.0.0:0 to port 20" classname="/modules/networking/main.tf.module.networking.aws_network_acl_rule.public_outbound_ephemeral" file="/modules/networking/main.tf"/>
		<testcase name="[NONE][CKV_AWS_229] Ensure no NACL allow ingress from 0.0.0.0:0 to port 21" classname="/modules/networking/main.tf.module.networking.aws_network_acl_rule.public_outbound_ephemeral" file="/modules/networking/main.tf"/>
		<testcase name="[NONE][CKV_AWS_231] Ensure no NACL allow ingress from 0.0.0.0:0 to port 3389" classname="/modules/networking/main.tf.module.networking.aws_network_acl_rule.public_outbound_ephemeral" file="/modules/networking/main.tf"/>
		<testcase name="[NONE][CKV_AWS_232] Ensure no NACL allow ingress from 0.0.0.0:0 to port 22" classname="/modules/networking/main.tf.module.networking.aws_network_acl_rule.public_outbound_ephemeral" file="/modules/networking/main.tf"/>
		<testcase name="[NONE][CKV_AWS_230] Ensure no NACL allow ingress from 0.0.0.0:0 to port 20" classname="/modules/networking/main.tf.module.networking.aws_network_acl_rule.private_app_inbound_vpc" file="/modules/networking/main.tf"/>
		<testcase name="[NONE][CKV_AWS_229] Ensure no NACL allow ingress from 0.0.0.0:0 to port 21" classname="/modules/networking/main.tf.module.networking.aws_network_acl_rule.private_app_inbound_vpc" file="/modules/networking/main.tf"/>
		<testcase name="[NONE][CKV_AWS_231] Ensure no NACL allow ingress from 0.0.0.0:0 to port 3389" classname="/modules/networking/main.tf.module.networking.aws_network_acl_rule.private_app_inbound_vpc" file="/modules/networking/main.tf"/>
		<testcase name="[NONE][CKV_AWS_232] Ensure no NACL allow ingress from 0.0.0.0:0 to port 22" classname="/modules/networking/main.tf.module.networking.aws_network_acl_rule.private_app_inbound_vpc" file="/modules/networking/main.tf"/>
		<testcase name="[NONE][CKV_AWS_352] Ensure NACL ingress does not allow all Ports" classname="/modules/networking/main.tf.module.networking.aws_network_acl_rule.private_app_inbound_vpc" file="/modules/networking/main.tf"/>
		<testcase name="[NONE][CKV_AWS_230] Ensure no NACL allow ingress from 0.0.0.0:0 to port 20" classname="/modules/networking/main.tf.module.networking.aws_network_acl_rule.private_app_inbound_return_lower" file="/modules/networking/main.tf"/>
		<testcase name="[NONE][CKV_AWS_229] Ensure no NACL allow ingress from 0.0.0.0:0 to port 21" classname="/modules/networking/main.tf.module.networking.aws_network_acl_rule.private_app_inbound_return_lower" file="/modules/networking/main.tf"/>
		<testcase name="[NONE][CKV_AWS_231] Ensure no NACL allow ingress from 0.0.0.0:0 to port 3389" classname="/modules/networking/main.tf.module.networking.aws_network_acl_rule.private_app_inbound_return_lower" file="/modules/networking/main.tf"/>
		<testcase name="[NONE][CKV_AWS_232] Ensure no NACL allow ingress from 0.0.0.0:0 to port 22" classname="/modules/networking/main.tf.module.networking.aws_network_acl_rule.private_app_inbound_return_lower" file="/modules/networking/main.tf"/>
		<testcase name="[NONE][CKV_AWS_352] Ensure NACL ingress does not allow all Ports" classname="/modules/networking/main.tf.module.networking.aws_network_acl_rule.private_app_inbound_return_lower" file="/modules/networking/main.tf"/>
		<testcase name="[NONE][CKV_AWS_230] Ensure no NACL allow ingress from 0.0.0.0:0 to port 20" classname="/modules/networking/main.tf.module.networking.aws_network_acl_rule.private_app_inbound_return_upper" file="/modules/networking/main.tf"/>
		<testcase name="[NONE][CKV_AWS_229] Ensure no NACL allow ingress from 0.0.0.0:0 to port 21" classname="/modules/networking/main.tf.module.networking.aws_network_acl_rule.private_app_inbound_return_upper" file="/modules/networking/main.tf"/>
		<testcase name="[NONE][CKV_AWS_231] Ensure no NACL allow ingress from 0.0.0.0:0 to port 3389" classname="/modules/networking/main.tf.module.networking.aws_network_acl_rule.private_app_inbound_return_upper" file="/modules/networking/main.tf"/>
		<testcase name="[NONE][CKV_AWS_232] Ensure no NACL allow ingress from 0.0.0.0:0 to port 22" classname="/modules/networking/main.tf.module.networking.aws_network_acl_rule.private_app_inbound_return_upper" file="/modules/networking/main.tf"/>
		<testcase name="[NONE][CKV_AWS_352] Ensure NACL ingress does not allow all Ports" classname="/modules/networking/main.tf.module.networking.aws_network_acl_rule.private_app_inbound_return_upper" file="/modules/networking/main.tf"/>
		<testcase name="[NONE][CKV_AWS_230] Ensure no NACL allow ingress from 0.0.0.0:0 to port 20" classname="/modules/networking/main.tf.module.networking.aws_network_acl_rule.private_app_outbound_rds_az_a" file="/modules/networking/main.tf"/>
		<testcase name="[NONE][CKV_AWS_229] Ensure no NACL allow ingress from 0.0.0.0:0 to port 21" classname="/modules/networking/main.tf.module.networking.aws_network_acl_rule.private_app_outbound_rds_az_a" file="/modules/networking/main.tf"/>
		<testcase name="[NONE][CKV_AWS_231] Ensure no NACL allow ingress from 0.0.0.0:0 to port 3389" classname="/modules/networking/main.tf.module.networking.aws_network_acl_rule.private_app_outbound_rds_az_a" file="/modules/networking/main.tf"/>
		<testcase name="[NONE][CKV_AWS_232] Ensure no NACL allow ingress from 0.0.0.0:0 to port 22" classname="/modules/networking/main.tf.module.networking.aws_network_acl_rule.private_app_outbound_rds_az_a" file="/modules/networking/main.tf"/>
		<testcase name="[NONE][CKV_AWS_230] Ensure no NACL allow ingress from 0.0.0.0:0 to port 20" classname="/modules/networking/main.tf.module.networking.aws_network_acl_rule.private_app_outbound_rds_az_b" file="/modules/networking/main.tf"/>
		<testcase name="[NONE][CKV_AWS_229] Ensure no NACL allow ingress from 0.0.0.0:0 to port 21" classname="/modules/networking/main.tf.module.networking.aws_network_acl_rule.private_app_outbound_rds_az_b" file="/modules/networking/main.tf"/>
		<testcase name="[NONE][CKV_AWS_231] Ensure no NACL allow ingress from 0.0.0.0:0 to port 3389" classname="/modules/networking/main.tf.module.networking.aws_network_acl_rule.private_app_outbound_rds_az_b" file="/modules/networking/main.tf"/>
		<testcase name="[NONE][CKV_AWS_232] Ensure no NACL allow ingress from 0.0.0.0:0 to port 22" classname="/modules/networking/main.tf.module.networking.aws_network_acl_rule.private_app_outbound_rds_az_b" file="/modules/networking/main.tf"/>
		<testcase name="[NONE][CKV_AWS_230] Ensure no NACL allow ingress from 0.0.0.0:0 to port 20" classname="/modules/networking/main.tf.module.networking.aws_network_acl_rule.private_app_outbound_https" file="/modules/networking/main.tf"/>
		<testcase name="[NONE][CKV_AWS_229] Ensure no NACL allow ingress from 0.0.0.0:0 to port 21" classname="/modules/networking/main.tf.module.networking.aws_network_acl_rule.private_app_outbound_https" file="/modules/networking/main.tf"/>
		<testcase name="[NONE][CKV_AWS_231] Ensure no NACL allow ingress from 0.0.0.0:0 to port 3389" classname="/modules/networking/main.tf.module.networking.aws_network_acl_rule.private_app_outbound_https" file="/modules/networking/main.tf"/>
		<testcase name="[NONE][CKV_AWS_232] Ensure no NACL allow ingress from 0.0.0.0:0 to port 22" classname="/modules/networking/main.tf.module.networking.aws_network_acl_rule.private_app_outbound_https" file="/modules/networking/main.tf"/>
		<testcase name="[NONE][CKV_AWS_230] Ensure no NACL allow ingress from 0.0.0.0:0 to port 20" classname="/modules/networking/main.tf.module.networking.aws_network_acl_rule.private_app_outbound_ephemeral" file="/modules/networking/main.tf"/>
		<testcase name="[NONE][CKV_AWS_229] Ensure no NACL allow ingress from 0.0.0.0:0 to port 21" classname="/modules/networking/main.tf.module.networking.aws_network_acl_rule.private_app_outbound_ephemeral" file="/modules/networking/main.tf"/>
		<testcase name="[NONE][CKV_AWS_231] Ensure no NACL allow ingress from 0.0.0.0:0 to port 3389" classname="/modules/networking/main.tf.module.networking.aws_network_acl_rule.private_app_outbound_ephemeral" file="/modules/networking/main.tf"/>
		<testcase name="[NONE][CKV_AWS_232] Ensure no NACL allow ingress from 0.0.0.0:0 to port 22" classname="/modules/networking/main.tf.module.networking.aws_network_acl_rule.private_app_outbound_ephemeral" file="/modules/networking/main.tf"/>
		<testcase name="[NONE][CKV_AWS_230] Ensure no NACL allow ingress from 0.0.0.0:0 to port 20" classname="/modules/networking/main.tf.module.networking.aws_network_acl_rule.private_data_inbound_app_az_a" file="/modules/networking/main.tf"/>
		<testcase name="[NONE][CKV_AWS_229] Ensure no NACL allow ingress from 0.0.0.0:0 to port 21" classname="/modules/networking/main.tf.module.networking.aws_network_acl_rule.private_data_inbound_app_az_a" file="/modules/networking/main.tf"/>
		<testcase name="[NONE][CKV_AWS_231] Ensure no NACL allow ingress from 0.0.0.0:0 to port 3389" classname="/modules/networking/main.tf.module.networking.aws_network_acl_rule.private_data_inbound_app_az_a" file="/modules/networking/main.tf"/>
		<testcase name="[NONE][CKV_AWS_232] Ensure no NACL allow ingress from 0.0.0.0:0 to port 22" classname="/modules/networking/main.tf.module.networking.aws_network_acl_rule.private_data_inbound_app_az_a" file="/modules/networking/main.tf"/>
		<testcase name="[NONE][CKV_AWS_352] Ensure NACL ingress does not allow all Ports" classname="/modules/networking/main.tf.module.networking.aws_network_acl_rule.private_data_inbound_app_az_a" file="/modules/networking/main.tf"/>
		<testcase name="[NONE][CKV_AWS_230] Ensure no NACL allow ingress from 0.0.0.0:0 to port 20" classname="/modules/networking/main.tf.module.networking.aws_network_acl_rule.private_data_inbound_app_az_b" file="/modules/networking/main.tf"/>
		<testcase name="[NONE][CKV_AWS_229] Ensure no NACL allow ingress from 0.0.0.0:0 to port 21" classname="/modules/networking/main.tf.module.networking.aws_network_acl_rule.private_data_inbound_app_az_b" file="/modules/networking/main.tf"/>
		<testcase name="[NONE][CKV_AWS_231] Ensure no NACL allow ingress from 0.0.0.0:0 to port 3389" classname="/modules/networking/main.tf.module.networking.aws_network_acl_rule.private_data_inbound_app_az_b" file="/modules/networking/main.tf"/>
		<testcase name="[NONE][CKV_AWS_232] Ensure no NACL allow ingress from 0.0.0.0:0 to port 22" classname="/modules/networking/main.tf.module.networking.aws_network_acl_rule.private_data_inbound_app_az_b" file="/modules/networking/main.tf"/>
		<testcase name="[NONE][CKV_AWS_352] Ensure NACL ingress does not allow all Ports" classname="/modules/networking/main.tf.module.networking.aws_network_acl_rule.private_data_inbound_app_az_b" file="/modules/networking/main.tf"/>
		<testcase name="[NONE][CKV_AWS_230] Ensure no NACL allow ingress from 0.0.0.0:0 to port 20" classname="/modules/networking/main.tf.module.networking.aws_network_acl_rule.private_data_outbound_app_az_a" file="/modules/networking/main.tf"/>
		<testcase name="[NONE][CKV_AWS_229] Ensure no NACL allow ingress from 0.0.0.0:0 to port 21" classname="/modules/networking/main.tf.module.networking.aws_network_acl_rule.private_data_outbound_app_az_a" file="/modules/networking/main.tf"/>
		<testcase name="[NONE][CKV_AWS_231] Ensure no NACL allow ingress from 0.0.0.0:0 to port 3389" classname="/modules/networking/main.tf.module.networking.aws_network_acl_rule.private_data_outbound_app_az_a" file="/modules/networking/main.tf"/>
		<testcase name="[NONE][CKV_AWS_232] Ensure no NACL allow ingress from 0.0.0.0:0 to port 22" classname="/modules/networking/main.tf.module.networking.aws_network_acl_rule.private_data_outbound_app_az_a" file="/modules/networking/main.tf"/>
		<testcase name="[NONE][CKV_AWS_230] Ensure no NACL allow ingress from 0.0.0.0:0 to port 20" classname="/modules/networking/main.tf.module.networking.aws_network_acl_rule.private_data_outbound_app_az_b" file="/modules/networking/main.tf"/>
		<testcase name="[NONE][CKV_AWS_229] Ensure no NACL allow ingress from 0.0.0.0:0 to port 21" classname="/modules/networking/main.tf.module.networking.aws_network_acl_rule.private_data_outbound_app_az_b" file="/modules/networking/main.tf"/>
		<testcase name="[NONE][CKV_AWS_231] Ensure no NACL allow ingress from 0.0.0.0:0 to port 3389" classname="/modules/networking/main.tf.module.networking.aws_network_acl_rule.private_data_outbound_app_az_b" file="/modules/networking/main.tf"/>
[...]
		83 |   }
		84 | 
		85 |   lifecycle {
		86 |     ignore_changes = [
		87 |       filename,
		88 |       source_code_hash,
		89 |       environment
		90 |     ]
		91 |   }
		92 | 
		93 |   tags = {
		94 |     Name = &quot;${var.prefix}-doc-generante&quot;
		95 |   }
		96 | 
		97 |   depends_on = [aws_cloudwatch_log_group.lambda]
		98 | }
</failure>
		</testcase>
		<testcase name="[NONE][CKV2_AWS_5] Ensure that Security Groups are attached to another resource" classname="/modules/security-groups/main.tf.module.security_groups.aws_security_group.alb" file="/modules/security-groups/main.tf">
			<failure type="failure" message="Ensure that Security Groups are attached to another resource">
Resource: module.security_groups.aws_security_group.alb
File: /modules/security-groups/main.tf: 1-7
Guideline: https://docs.prismacloud.io/en/enterprise-edition/policy-reference/aws-policies/aws-networking-policies/ensure-that-security-groups-are-attached-to-ec2-instances-or-elastic-network-interfaces-enis

		1 | resource &quot;aws_security_group&quot; &quot;alb&quot; {
		2 |   name        = &quot;${var.prefix}-sg-alb&quot;
		3 |   description = &quot;Security Group para el ALB interno&quot;
		4 |   vpc_id      = var.vpc_id
		5 | 
		6 |   tags = { Name = &quot;${var.prefix}-sg-alb&quot; }
		7 | }
</failure>
		</testcase>
		<testcase name="[NONE][CKV2_AWS_5] Ensure that Security Groups are attached to another resource" classname="/modules/security-groups/main.tf.module.security_groups.aws_security_group.ecs_task" file="/modules/security-groups/main.tf">
			<failure type="failure" message="Ensure that Security Groups are attached to another resource">
Resource: module.security_groups.aws_security_group.ecs_task
File: /modules/security-groups/main.tf: 9-15
Guideline: https://docs.prismacloud.io/en/enterprise-edition/policy-reference/aws-policies/aws-networking-policies/ensure-that-security-groups-are-attached-to-ec2-instances-or-elastic-network-interfaces-enis

		9  | resource &quot;aws_security_group&quot; &quot;ecs_task&quot; {
		10 |   name        = &quot;${var.prefix}-sg-ecs-task&quot;
		11 |   description = &quot;Security Group para las ECS Tasks (Spring Boot)&quot;
		12 |   vpc_id      = var.vpc_id
		13 | 
		14 |   tags = { Name = &quot;${var.prefix}-sg-ecs-task&quot; }
		15 | }
</failure>
		</testcase>
		<testcase name="[NONE][CKV2_AWS_5] Ensure that Security Groups are attached to another resource" classname="/modules/security-groups/main.tf.module.security_groups.aws_security_group.rds" file="/modules/security-groups/main.tf">
			<failure type="failure" message="Ensure that Security Groups are attached to another resource">
Resource: module.security_groups.aws_security_group.rds
File: /modules/security-groups/main.tf: 17-23
Guideline: https://docs.prismacloud.io/en/enterprise-edition/policy-reference/aws-policies/aws-networking-policies/ensure-that-security-groups-are-attached-to-ec2-instances-or-elastic-network-interfaces-enis

		17 | resource &quot;aws_security_group&quot; &quot;rds&quot; {
		18 |   name        = &quot;${var.prefix}-sg-rds&quot;
		19 |   description = &quot;Security Group para RDS PostgreSQL&quot;
		20 |   vpc_id      = var.vpc_id
		21 | 
		22 |   tags = { Name = &quot;${var.prefix}-sg-rds&quot; }
		23 | }
</failure>
		</testcase>
		<testcase name="[NONE][CKV2_AWS_5] Ensure that Security Groups are attached to another resource" classname="/modules/security-groups/main.tf.module.security_groups.aws_security_group.lambda" file="/modules/security-groups/main.tf">
			<failure type="failure" message="Ensure that Security Groups are attached to another resource">
Resource: module.security_groups.aws_security_group.lambda
File: /modules/security-groups/main.tf: 25-31
Guideline: https://docs.prismacloud.io/en/enterprise-edition/policy-reference/aws-policies/aws-networking-policies/ensure-that-security-groups-are-attached-to-ec2-instances-or-elastic-network-interfaces-enis

		25 | resource &quot;aws_security_group&quot; &quot;lambda&quot; {
		26 |   name        = &quot;${var.prefix}-sg-lambda&quot;
		27 |   description = &quot;Security Group para Lambda doc-generante (en VPC)&quot;
		28 |   vpc_id      = var.vpc_id
		29 | 
		30 |   tags = { Name = &quot;${var.prefix}-sg-lambda&quot; }
		31 | }
</failure>
		</testcase>
		<testcase name="[NONE][CKV2_AWS_5] Ensure that Security Groups are attached to another resource" classname="/modules/security-groups/main.tf.module.security_groups.aws_security_group.vpclink" file="/modules/security-groups/main.tf">
			<failure type="failure" message="Ensure that Security Groups are attached to another resource">
Resource: module.security_groups.aws_security_group.vpclink
File: /modules/security-groups/main.tf: 33-39
Guideline: https://docs.prismacloud.io/en/enterprise-edition/policy-reference/aws-policies/aws-networking-policies/ensure-that-security-groups-are-attached-to-ec2-instances-or-elastic-network-interfaces-enis

		33 | resource &quot;aws_security_group&quot; &quot;vpclink&quot; {
		34 |   name        = &quot;${var.prefix}-sg-vpclink&quot;
		35 |   description = &quot;Security Group para el VPC Link de API Gateway&quot;
		36 |   vpc_id      = var.vpc_id
		37 | 
		38 |   tags = { Name = &quot;${var.prefix}-sg-vpclink&quot; }
		39 | }
</failure>
		</testcase>
		<testcase name="[NONE][CKV2_AWS_5] Ensure that Security Groups are attached to another resource" classname="/modules/security-groups/main.tf.module.security_groups.aws_security_group.vpce_sqs" file="/modules/security-groups/main.tf">
			<failure type="failure" message="Ensure that Security Groups are attached to another resource">
Resource: module.security_groups.aws_security_group.vpce_sqs
File: /modules/security-groups/main.tf: 41-47
Guideline: https://docs.prismacloud.io/en/enterprise-edition/policy-reference/aws-policies/aws-networking-policies/ensure-that-security-groups-are-attached-to-ec2-instances-or-elastic-network-interfaces-enis

		41 | resource &quot;aws_security_group&quot; &quot;vpce_sqs&quot; {
		42 |   name        = &quot;${var.prefix}-sg-vpce-sqs&quot;
		43 |   description = &quot;Security Group para VPC Endpoint Interface SQS&quot;
		44 |   vpc_id      = var.vpc_id
		45 | 
		46 |   tags = { Name = &quot;${var.prefix}-sg-vpce-sqs&quot; }
		47 | }
</failure>
		</testcase>
		<testcase name="[NONE][CKV2_AWS_5] Ensure that Security Groups are attached to another resource" classname="/modules/security-groups/main.tf.module.security_groups.aws_security_group.vpce_sm" file="/modules/security-groups/main.tf">
			<failure type="failure" message="Ensure that Security Groups are attached to another resource">
Resource: module.security_groups.aws_security_group.vpce_sm
File: /modules/security-groups/main.tf: 49-55
Guideline: https://docs.prismacloud.io/en/enterprise-edition/policy-reference/aws-policies/aws-networking-policies/ensure-that-security-groups-are-attached-to-ec2-instances-or-elastic-network-interfaces-enis

		49 | resource &quot;aws_security_group&quot; &quot;vpce_sm&quot; {
		50 |   name        = &quot;${var.prefix}-sg-vpce-sm&quot;
		51 |   description = &quot;Security Group para VPC Endpoint Interface Secrets Manager&quot;
		52 |   vpc_id      = var.vpc_id
		53 | 
		54 |   tags = { Name = &quot;${var.prefix}-sg-vpce-sm&quot; }
		55 | }
</failure>
		</testcase>
		<testcase name="[NONE][CKV2_AWS_5] Ensure that Security Groups are attached to another resource" classname="/modules/security-groups/main.tf.module.security_groups.aws_security_group.vpce_logs" file="/modules/security-groups/main.tf">
			<failure type="failure" message="Ensure that Security Groups are attached to another resource">
Resource: module.security_groups.aws_security_group.vpce_logs
File: /modules/security-groups/main.tf: 57-63
Guideline: https://docs.prismacloud.io/en/enterprise-edition/policy-reference/aws-policies/aws-networking-policies/ensure-that-security-groups-are-attached-to-ec2-instances-or-elastic-network-interfaces-enis

		57 | resource &quot;aws_security_group&quot; &quot;vpce_logs&quot; {
		58 |   name        = &quot;${var.prefix}-sg-vpce-logs&quot;
		59 |   description = &quot;Security Group para VPC Endpoint Interface CloudWatch Logs&quot;
		60 |   vpc_id      = var.vpc_id
		61 | 
		62 |   tags = { Name = &quot;${var.prefix}-sg-vpce-logs&quot; }
		63 | }
</failure>
		</testcase>
		<testcase name="[NONE][CKV2_AWS_5] Ensure that Security Groups are attached to another resource" classname="/modules/security-groups/main.tf.module.security_groups.aws_security_group.vpce_ecr" file="/modules/security-groups/main.tf">
			<failure type="failure" message="Ensure that Security Groups are attached to another resource">
Resource: module.security_groups.aws_security_group.vpce_ecr
File: /modules/security-groups/main.tf: 65-71
Guideline: https://docs.prismacloud.io/en/enterprise-edition/policy-reference/aws-policies/aws-networking-policies/ensure-that-security-groups-are-attached-to-ec2-instances-or-elastic-network-interfaces-enis

		65 | resource &quot;aws_security_group&quot; &quot;vpce_ecr&quot; {
		66 |   name        = &quot;${var.prefix}-sg-vpce-ecr&quot;
		67 |   description = &quot;Security Group para VPC Endpoints Interface ECR API y DkR&quot;
		68 |   vpc_id      = var.vpc_id
		69 | 
		70 |   tags = { Name = &quot;${var.prefix}-sg-vpce-ecr&quot; }
		71 | }
</failure>
		</testcase>
		<testcase name="[NONE][CKV2_AWS_20] Ensure that ALB redirects HTTP requests into HTTPS ones" classname="/modules/compute/main.tf.module.compute.aws_lb.main" file="/modules/compute/main.tf">
			<failure type="failure" message="Ensure that ALB redirects HTTP requests into HTTPS ones">
Resource: module.compute.aws_lb.main
File: /modules/compute/main.tf: 45-65
Guideline: https://docs.prismacloud.io/en/enterprise-edition/policy-reference/aws-policies/aws-networking-policies/ensure-that-alb-redirects-http-requests-into-https-ones

		45 | resource &quot;aws_lb&quot; &quot;main&quot; {
		46 |   name               = &quot;${var.prefix}-alb&quot;
		47 |   internal           = true
		48 |   load_balancer_type = &quot;application&quot;
		49 |   security_groups    = [var.sg_alb_id]
		50 |   subnets            = var.private_app_subnet_ids
		51 | 
		52 |   idle_timeout = 60
		53 | 
		54 |   enable_cross_zone_load_balancing = true
		55 | 
		56 |   access_logs {
		57 |     bucket  = var.s3_access_logs_bucket
		58 |     prefix  = &quot;alb&quot;
		59 |     enabled = true
		60 |   }
		61 | 
		62 |   tags = {
		63 |     Name = &quot;${var.prefix}-alb&quot;
		64 |   }
		65 | }
</failure>
		</testcase>
		<testcase name="[NONE][CKV2_AWS_39] Ensure Domain Name System (DNS) query logging is enabled for Amazon Route 53 hosted zones" classname="/main.tf.aws_route53_zone.main" file="/main.tf">
			<failure type="failure" message="Ensure Domain Name System (DNS) query logging is enabled for Amazon Route 53 hosted zones">
Resource: aws_route53_zone.main
File: /main.tf: 13-20
Guideline: https://docs.prismacloud.io/en/enterprise-edition/policy-reference/aws-policies/aws-logging-policies/bc-aws-2-39

		13 | resource &quot;aws_route53_zone&quot; &quot;main&quot; {
		14 |   provider = aws.main
		15 |   name     = &quot;everywheretravel.online&quot;
		16 | 
		17 |   tags = {
		18 |     Name = &quot;everywheretravel.online&quot;
		19 |   }
		20 | }
</failure>
		</testcase>
		<testcase name="[NONE][CKV_AWS_103] Ensure that load balancer is using at least TLS 1.2" classname="/modules/compute/main.tf.module.compute.aws_lb_listener.main" file="/modules/compute/main.tf">
			<failure type="failure" message="Ensure that load balancer is using at least TLS 1.2">
Resource: module.compute.aws_lb_listener.main
File: /modules/compute/main.tf: 101-114
Guideline: https://docs.prismacloud.io/en/enterprise-edition/policy-reference/aws-policies/aws-general-policies/bc-aws-general-43

		101 | resource &quot;aws_lb_listener&quot; &quot;main&quot; {
		102 |   load_balancer_arn = aws_lb.main.arn
		103 |   port              = var.ecs_app_port
		104 |   protocol          = &quot;HTTP&quot;
		105 | 
		106 |   default_action {
		107 |     type             = &quot;forward&quot;
		108 |     target_group_arn = aws_lb_target_group.main.arn
		109 |   }
		110 | 
		111 |   tags = {
		112 |     Name = &quot;${var.prefix}-alb-listener&quot;
		113 |   }
		114 | }
</failure>
		</testcase>
		<testcase name="[NONE][CKV_AWS_378] Ensure AWS Load Balancer doesn't use HTTP protocol" classname="/modules/compute/main.tf.module.compute.aws_lb_target_group.main" file="/modules/compute/main.tf">
			<failure type="failure" message="Ensure AWS Load Balancer doesn't use HTTP protocol">
Resource: module.compute.aws_lb_target_group.main
File: /modules/compute/main.tf: 67-91
Guideline: https://docs.prismacloud.io/en/enterprise-edition/policy-reference/aws-policies/aws-networking-policies/bc-aws-378

		67 | resource &quot;aws_lb_target_group&quot; &quot;main&quot; {
		68 |   name        = &quot;${var.prefix}-ecs-tg&quot;
		69 |   port        = var.ecs_app_port
		70 |   protocol    = &quot;HTTP&quot;
		71 |   vpc_id      = var.vpc_id
		72 |   target_type = &quot;ip&quot;
		73 | 
		74 |   health_check {
		75 |     enabled             = true
		76 |     path                = &quot;/health&quot;
		77 |     port                = &quot;traffic-port&quot;
		78 |     protocol            = &quot;HTTP&quot;
		79 |     healthy_threshold   = 2
		80 |     unhealthy_threshold = 3
		81 |     timeout             = 5
		82 |     interval            = 30
		83 |     matcher             = &quot;200&quot;
		84 |   }
		85 | 
		86 |   deregistration_delay = 30
		87 | 
		88 |   tags = {
		89 |     Name = &quot;${var.prefix}-ecs-tg&quot;
		90 |   }
		91 | }
</failure>
		</testcase>
		<testcase name="[NONE][CKV2_AWS_47] Ensure AWS CloudFront attached WAFv2 WebACL is configured with AMR for Log4j Vulnerability" classname="/modules/edge/main.tf.module.edge.aws_cloudfront_distribution.main" file="/modules/edge/main.tf">
			<failure type="failure" message="Ensure AWS CloudFront attached WAFv2 WebACL is configured with AMR for Log4j Vulnerability">
Resource: module.edge.aws_cloudfront_distribution.main
File: /modules/edge/main.tf: 279-381
Guideline: https://docs.prismacloud.io/en/enterprise-edition/policy-reference/aws-policies/aws-general-policies/bc-aws-general-47

		Code lines for this resource are too many. Please use IDE of your choice to review the file.</failure>
		</testcase>
		<testcase name="[NONE][CKV2_AWS_38] Ensure Domain Name System Security Extensions (DNSSEC) signing is enabled for Amazon Route 53 public hosted zones" classname="/main.tf.aws_route53_zone.main" file="/main.tf">
			<failure type="failure" message="Ensure Domain Name System Security Extensions (DNSSEC) signing is enabled for Amazon Route 53 public hosted zones">
Resource: aws_route53_zone.main
File: /main.tf: 13-20
Guideline: https://docs.prismacloud.io/en/enterprise-edition/policy-reference/aws-policies/aws-networking-policies/bc-aws-2-38

		13 | resource &quot;aws_route53_zone&quot; &quot;main&quot; {
		14 |   provider = aws.main
		15 |   name     = &quot;everywheretravel.online&quot;
		16 | 
		17 |   tags = {
		18 |     Name = &quot;everywheretravel.online&quot;
		19 |   }
		20 | }
</failure>
		</testcase>
		<testcase name="[NONE][CKV2_AWS_57] Ensure Secrets Manager secrets should have automatic rotation enabled" classname="/modules/secrets/main.tf.module.secrets.aws_secretsmanager_secret.rds_credentials" file="/modules/secrets/main.tf">
			<failure type="failure" message="Ensure Secrets Manager secrets should have automatic rotation enabled">
Resource: module.secrets.aws_secretsmanager_secret.rds_credentials
File: /modules/secrets/main.tf: 12-21
Guideline: https://docs.prismacloud.io/en/enterprise-edition/policy-reference/aws-policies/aws-general-policies/bc-aws-2-57

		12 | resource &quot;aws_secretsmanager_secret&quot; &quot;rds_credentials&quot; {
		13 |   name                    = &quot;${var.prefix}-rds-credentials&quot;
		14 |   description             = &quot;Credenciales de conexion a RDS PostgreSQL - ${var.prefix}&quot;
		15 |   kms_key_id              = var.kms_secrets_arn
		16 |   recovery_window_in_days = terraform.workspace == &quot;dev&quot; ? 0 : 7
		17 | 
		18 |   tags = {
		19 |     Name = &quot;${var.prefix}-rds-credentials&quot;
		20 |   }
		21 | }
</failure>
		</testcase>
		<testcase name="[NONE][CKV2_AWS_65] Ensure access control lists for S3 buckets are disabled" classname="/modules/s3/main.tf.module.s3.aws_s3_bucket_ownership_controls.access_logs" file="/modules/s3/main.tf">
			<failure type="failure" message="Ensure access control lists for S3 buckets are disabled">
Resource: module.s3.aws_s3_bucket_ownership_controls.access_logs
File: /modules/s3/main.tf: 341-346
Guideline: https://docs.prismacloud.io/en/enterprise-edition/policy-reference/aws-policies/aws-general-policies/bc-aws-general-112

		341 | resource &quot;aws_s3_bucket_ownership_controls&quot; &quot;access_logs&quot; {
		342 |   bucket = aws_s3_bucket.access_logs.id
		343 |   rule {
		344 |     object_ownership = &quot;BucketOwnerPreferred&quot;
		345 |   }
		346 | }
</failure>
		</testcase>
		<testcase name="[NONE][CKV_AWS_18] Ensure the S3 bucket has access logging enabled" classname="/modules/s3/main.tf.module.s3.aws_s3_bucket.access_logs" file="/modules/s3/main.tf">
			<skipped type="skipped" message=" No se activa access logging sobre el propio bucket para evitar bucles."/>
		</testcase>
		<testcase name="[NONE][CKV_AWS_18] Ensure the S3 bucket has access logging enabled" classname="/bootstrap/main.tf.aws_s3_bucket.tfstate" file="/bootstrap/main.tf">
			<skipped type="skipped" message="Access logging omitido, no existe bucket de logs en bootstrap"/>
		</testcase>
		<testcase name="[NONE][CKV_AWS_145] Ensure that S3 buckets are encrypted with KMS by default" classname="/modules/s3/main.tf.module.s3.aws_s3_bucket.access_logs" file="/modules/s3/main.tf">
			<skipped type="skipped" message=" SSE-S3 (AES256) es intencional por compatibilidad con entrega de logs (ej. ALB)."/>
		</testcase>
		<testcase name="[NONE][CKV_AWS_144] Ensure that S3 bucket has cross-region replication enabled" classname="/bootstrap/main.tf.aws_s3_bucket.tfstate" file="/bootstrap/main.tf">
			<skipped type="skipped" message="Cross-region replication no aplica para bucket de tfstate con versionado habilitado"/>
		</testcase>
		<testcase name="[NONE][CKV_AWS_144] Ensure that S3 bucket has cross-region replication enabled" classname="/modules/s3/main.tf.module.s3.aws_s3_bucket.frontend" file="/modules/s3/main.tf">
			<skipped type="skipped" message=" La replicación cross-region no es requerida para el RTO/RPO de este proyecto."/>
		</testcase>
		<testcase name="[NONE][CKV_AWS_144] Ensure that S3 bucket has cross-region replication enabled" classname="/modules/s3/main.tf.module.s3.aws_s3_bucket.docs" file="/modules/s3/main.tf">
			<skipped type="skipped" message=" La replicación cross-region no es requerida para el RTO/RPO de este proyecto."/>
		</testcase>
		<testcase name="[NONE][CKV_AWS_144] Ensure that S3 bucket has cross-region replication enabled" classname="/modules/s3/main.tf.module.s3.aws_s3_bucket.waf_logs" file="/modules/s3/main.tf">
			<skipped type="skipped" message=" La replicacion cross-region no es requerida para el RTO/RPO de este proyecto."/>
		</testcase>
		<testcase name="[NONE][CKV_AWS_144] Ensure that S3 bucket has cross-region replication enabled" classname="/modules/s3/main.tf.module.s3.aws_s3_bucket.access_logs" file="/modules/s3/main.tf">
			<skipped type="skipped" message=" La replicación cross-region no es requerida para el RTO/RPO de este proyecto."/>
		</testcase>
		<testcase name="[NONE][CKV2_AWS_62] Ensure S3 buckets should have event notifications enabled" classname="/bootstrap/main.tf.aws_s3_bucket.tfstate" file="/bootstrap/main.tf">
			<skipped type="skipped" message="Event notifications no requeridas para bucket de gestion de estado"/>
		</testcase>
	</testsuite>
</testsuites>
